1.91
1.89
1.93
1.93
1.90
1.89
1.91
1.97
1.98
1.92
1.92
1.94
1.93
1.99
1.83
1.94
1.90
1.97
2.06
1.86
1.93
1.98
1.94
1.88
1.88
1.98
1.92
1.95
1.88
1.93
1.88
1.93
1.87
1.98
1.94
1.98
1.88
1.87
1.89
1.98
1.95
1.87
1.91
1.94
2.04
1.87
1.87
1.94
1.95
1.98
1.85
1.88
1.92
1.97
1.89
1.87
1.90
1.95
1.92
1.91
1.88
1.90
1.93
1.90
1.94
1.93
1.96
1.98
1.93
1.96
1.89
1.99
1.87
1.99
1.94
1.86
1.95
1.91
1.92
1.89
1.89
1.95
1.98
1.95
1.84
2.02
1.96
1.93
2.07
1.89
1.97
1.90
2.00
1.95
1.94
2.00
1.90
1.89
1.97
2.03
1.95
1.88
1.90
1.90
1.95
1.94
1.87
1.93
1.90
1.92
1.99
1.85
2.09
2.01
1.92
1.91
1.89
1.92
1.95
1.95
1.85
1.92
2.01
1.97
1.92
1.84
1.91
2.03
1.92
1.94
1.90
1.93
1.99
1.95
1.89
1.88
1.93
1.95
1.94
1.88
1.89
2.02
1.98
1.94
1.88
1.94
2.01
1.97
1.94
1.89
1.95
1.93
1.95
2.06
1.88
1.92
1.97
1.95
2.11
1.90
1.92
1.90
1.87
1.98
1.93
1.96
1.90
1.94
1.92
1.98
1.95
1.86
1.96
1.90
1.93
2.00
2.01
1.90
1.91
1.99
1.90
1.89
1.86
1.89
1.91
1.90
1.92
1.87
1.99
1.92
1.90
1.82
1.90
1.93
2.00
2.12
1.91
1.94
1.94
1.93
1.91
1.89
1.87
1.98
1.97
1.96
2.03
1.90
2.02
1.93
1.88
1.97
1.94
1.95
1.94
2.03
1.90
1.94
1.89
1.88
1.97
1.91
1.97
1.87
1.91
1.95
1.90
1.84
1.97
1.92
2.00
1.93
1.90
1.90
1.92
1.92
1.92
1.92
1.97
2.04
1.91
1.89
1.92
2.02
1.92
1.93
1.99
1.94
2.16
1.91
1.86
1.88
1.88
1.89
1.93
1.86
1.92
1.90
1.87
1.92
1.89
1.96
1.87
2.01
1.90
1.90
1.89
1.93
1.92
1.87
2.12
1.86
1.90
1.95
1.91
2.18
1.88
1.93
1.93
1.93
1.93
1.94
2.04
1.85
1.93
1.93
1.87
1.91
1.93
1.95
2.00
1.87
1.99
1.92
1.96
1.93
1.95
1.99
1.88
1.96
2.02
2.03
2.09
1.91
1.96
1.86
1.92
2.03
1.89
1.91
1.97
2.03
1.88
1.92
2.09
1.88
1.91
1.95
1.91
1.92
1.88
1.95
1.89
1.93
1.94
1.87
1.94
1.88
1.88
1.89
1.93
2.00
1.85
1.95
1.95
1.93
1.90
1.97
1.94
1.84
2.03
1.92
1.88
1.93
1.92
2.03
1.86
1.94
1.88
1.90
1.89
1.87
2.01
1.95
1.95
2.14
1.92
1.91
1.94
2.03
1.99
1.94
1.98
2.06
1.97
2.04
1.99
2.03
1.89
2.07
1.89
1.91
2.09
2.62
2.10
1.96
2.05
1.92
1.98
1.84
2.03
1.97
2.08
1.95
2.01
2.00
1.98
1.91
1.87
1.88
2.05
1.94
1.87
1.92
2.02
1.95
1.95
2.02
1.99
1.88
1.98
1.89
1.99
1.94
1.90
1.95
1.90
1.94
1.96
2.03
1.98
2.07
1.93
1.93
1.97
1.92
1.90
1.97
1.95
2.00
1.91
1.86
1.89
1.88
1.94
1.92
1.95
1.95
1.89
2.02
1.90
1.90
1.99
1.92
1.95
1.88
1.91
1.88
1.92
1.94
1.92
1.88
1.84
1.95
1.92
1.96
1.91
2.06
1.90
1.93
1.91
1.91
1.96
1.96
1.95
1.90
1.95
1.90
1.89
1.94
1.92
2.02
1.86
1.95
1.92
1.91
1.88
1.95
2.01
2.01
1.95
1.96
1.87
1.97
1.94
1.92
1.83
1.97
2.03
1.94
1.95
2.01
1.95
1.96
1.93
1.94
1.94
1.92
1.94
1.93
1.93
1.83
1.95
1.90
1.94
1.93
2.00
1.99
1.95
1.99
2.01
1.89
1.88
2.10
1.91
1.84
1.90
1.94
1.96
1.87
1.90
1.90
2.22
1.93
1.84
1.87
1.91
1.92
1.92
1.87
1.94
2.14
2.03
1.96
1.83
1.94
1.95
1.92
1.91
2.29
1.96
1.92
1.90
1.90
2.26
1.95
1.98
1.96
1.89
1.88
1.86
1.94
1.97
1.91
1.92
1.90
1.92
1.90
1.92
1.96
1.88
1.82
1.97
1.92
1.95
1.93
1.89
1.92
1.94
1.98
1.87
1.96
2.02
2.00
1.90
1.89
1.91
1.91
2.03
1.84
2.09
1.92
1.98
2.02
1.89
1.92
1.87
2.18
1.92
1.94
1.88
1.90
1.99
2.00
1.92
1.87
1.90
1.88
1.96
1.90
1.93
1.98
1.97
1.95
1.90
1.91
2.13
1.93
1.85
1.85
1.96
1.99
1.90
1.92
2.02
1.87
1.94
1.86
1.93
1.98
1.95
1.96
1.97
1.86
1.96
1.92
1.99
1.95
1.95
1.95
1.99
1.97
1.92
1.90
2.01
1.88
1.97
1.95
1.90
1.91
1.95
1.95
1.87
1.97
1.88
1.84
2.02
1.89
1.92
1.94
1.87
1.96
1.94
1.96
1.93
1.89
1.87
1.96
1.91
1.86
1.93
1.90
1.96
1.89
1.86
1.86
1.88
1.96
1.85
1.85
1.94
2.13
1.88
1.88
1.92
1.93
1.94
1.97
1.87
1.90
1.94
1.97
2.00
1.99
1.93
1.88
1.87
2.19
1.91
1.93
1.90
1.87
1.86
1.88
1.90
1.95
1.90
1.95
1.97
1.89
1.98
1.90
1.94
1.94
1.87
1.85
1.92
1.97
1.90
1.93
1.93
1.89
2.17
1.90
1.91
1.84
1.92
2.14
1.91
1.96
1.88
1.89
1.95
2.03
1.87
1.91
1.95
1.94
1.91
1.89
1.90
1.91
1.92
2.01
1.88
1.91
1.95
1.93
1.91
1.92
1.97
1.94
1.99
1.85
1.95
2.02
1.96
1.91
1.96
1.86
1.98
1.83
1.92
1.94
1.91
1.89
1.91
1.89
1.94
1.95
1.88
1.92
1.88
1.99
1.89
1.94
1.96
1.94
1.95
1.92
1.85
2.02
1.94
1.93
1.88
1.90
1.94
1.95
1.96
1.85
1.94
1.94
1.89
1.89
1.95
1.91
1.90
1.90
1.99
1.91
1.92
1.93
1.91
1.89
1.91
1.96
1.88
2.02
1.85
1.94
2.18
1.96
1.93
1.92
1.91
1.88
1.88
1.90
1.96
1.93
1.96
2.04
1.91
1.88
2.17
1.88
1.94
1.94
1.83
1.88
1.97
1.92
1.88
1.93
1.86
1.87
1.91
1.95
1.95
2.09
1.96
1.93
2.18
1.92
1.90
1.98
1.90
2.03
1.94
1.91
1.88
1.99
1.91
1.93
1.91
1.87
2.00
1.96
1.95
1.99
1.96
1.93
1.92
1.91
1.97
1.94
1.86
2.02
1.96
1.93
1.90
1.90
1.88
2.04
1.97
1.92
1.89
1.95
1.95
1.96
1.91
1.93
1.90
1.93
2.16
1.89
1.94
2.08
1.99
1.98
1.89
1.90
1.97
1.89
1.92
1.97
1.97
1.91
1.89
1.95
1.95
1.91
1.87
1.90
1.94
1.86
1.87
1.91
1.90
1.87
1.99
1.93
1.85
1.90
1.97
1.98
1.96
2.01
2.10
1.94
1.94
2.01
1.94
1.93
1.96
1.91
1.90
2.00
1.96
1.96
2.04
1.95
1.99
1.96
2.08
1.94
1.91
1.85
1.93
1.93
1.92
1.95
1.91
1.88
2.12
1.94
1.92
1.88
1.93
1.94
1.92
1.83
1.96
1.94
1.93
1.94
1.94
1.91
1.87
1.96
1.97
1.96
1.89
1.95
1.98
2.00
1.96
2.08
1.96
1.94
2.00
2.01
1.94
1.98
2.08
1.94
1.96
1.95
1.98
1.97
1.94
1.96
1.92
1.94
2.01
1.97
1.96
1.96
1.97
1.92
2.01
1.98
1.89
1.96
2.00
1.94
1.91
1.96
1.91
1.89
1.98
1.96
2.00
1.96
2.02
1.98
1.93
2.02
1.96
1.99
1.91
1.98
2.01
1.96
1.95
1.99
1.96
1.97
1.98
2.02
