2.05
1.99
2.00
2.01
1.95
2.01
2.10
1.97
2.03
2.00
1.95
1.96
2.14
2.02
2.00
2.10
1.97
1.99
1.98
2.01
2.02
2.00
1.97
1.95
1.98
1.96
2.06
2.22
2.02
1.99
1.96
1.91
1.97
2.03
2.00
2.05
1.95
2.03
1.97
2.03
2.04
1.95
1.96
1.93
2.06
1.95
1.97
2.01
2.07
1.96
1.99
2.06
2.00
2.04
1.93
2.06
1.96
1.95
2.10
2.05
1.98
1.99
2.16
2.01
2.01
2.00
1.98
1.98
2.02
2.03
1.98
1.99
2.06
1.98
1.96
1.98
2.01
1.95
1.97
1.96
2.08
1.97
2.03
1.97
2.03
1.96
2.00
2.03
1.99
2.08
2.01
2.08
1.95
1.99
2.02
2.03
2.00
1.99
1.95
1.99
2.13
1.97
2.00
2.00
2.00
1.95
2.10
2.04
2.08
2.01
1.96
2.05
1.94
1.99
2.07
1.94
2.03
1.98
2.02
1.99
2.94
2.04
1.98
2.03
2.01
2.02
2.06
1.97
2.06
1.99
2.08
2.01
1.96
2.03
2.03
2.05
2.10
2.01
2.04
2.01
2.00
1.96
2.08
2.03
2.02
2.03
1.96
1.98
1.93
1.96
2.02
2.05
2.03
1.97
2.03
1.93
2.01
2.07
2.02
1.92
2.03
1.90
2.02
1.97
1.98
1.97
1.99
1.98
2.14
2.00
1.99
2.04
1.98
1.98
2.02
1.95
2.02
2.00
2.04
1.98
1.92
2.21
2.01
2.02
1.98
1.96
1.92
1.98
2.09
1.96
2.00
2.05
1.96
1.96
2.02
2.02
2.03
1.95
1.95
1.99
2.13
2.04
2.05
1.93
1.97
2.04
2.01
1.98
1.99
1.98
2.03
1.90
2.03
2.11
1.99
1.99
2.00
2.01
2.00
2.01
1.99
2.00
1.96
2.03
1.98
2.00
1.93
1.97
1.97
1.99
2.00
1.96
2.09
1.98
1.92
1.93
2.03
2.07
2.01
2.07
2.06
1.93
1.95
2.07
2.19
1.94
1.98
1.95
1.94
1.87
2.01
1.95
1.97
2.02
2.04
1.98
2.01
1.90
2.02
2.04
2.13
1.94
1.97
2.05
2.05
1.96
1.98
1.97
1.95
2.08
2.01
2.00
2.06
1.96
2.04
2.04
2.00
1.88
2.00
1.99
2.07
2.00
1.98
1.96
2.00
2.02
2.06
2.17
1.98
2.10
2.05
1.94
1.98
1.97
2.02
1.92
2.06
1.91
2.06
1.96
1.95
2.05
1.98
2.00
1.99
1.97
1.97
1.98
2.07
1.86
1.99
2.10
2.01
1.98
2.01
1.94
1.94
1.96
1.96
2.01
2.00
1.97
1.99
2.03
1.88
2.03
2.01
1.95
2.01
2.01
2.06
1.94
2.09
1.91
2.00
2.01
1.94
2.02
2.02
2.02
2.06
1.94
1.97
2.27
2.00
1.93
2.00
1.95
2.01
2.03
1.96
1.98
2.05
2.00
2.06
2.05
2.02
2.02
1.97
1.95
2.01
2.06
1.95
2.00
1.96
1.96
2.03
1.95
2.05
2.00
2.00
2.23
1.94
1.93
1.93
2.02
2.02
2.02
2.14
2.10
2.00
2.03
2.04
1.99
2.08
2.00
1.98
1.97
2.06
1.91
2.00
1.99
2.16
2.03
1.98
1.98
1.98
2.03
2.12
1.94
2.04
2.10
2.04
2.01
2.04
2.04
1.98
2.01
1.94
1.97
1.95
1.97
1.94
2.11
1.99
2.01
1.98
1.96
1.96
2.00
2.01
1.97
1.97
2.02
1.97
2.01
1.95
1.95
2.03
2.06
1.99
2.06
2.01
1.99
2.02
1.98
1.99
1.97
2.00
1.98
2.06
2.00
2.05
2.00
2.00
2.00
1.98
1.88
2.15
1.97
1.97
1.93
2.02
2.01
1.91
2.17
2.02
1.98
2.10
1.92
2.00
1.97
2.05
2.05
1.99
2.00
1.98
2.04
2.00
2.01
2.01
2.07
2.03
2.02
1.98
2.01
2.02
1.90
2.02
1.99
1.98
2.00
2.13
1.95
2.01
2.19
2.02
2.07
2.04
1.95
2.01
2.01
1.94
2.08
2.14
2.35
2.02
1.91
1.98
1.97
2.14
1.98
1.97
2.08
1.96
2.00
1.97
1.99
2.00
1.93
1.98
2.05
2.12
2.00
1.95
1.92
1.99
2.03
2.11
2.03
2.02
1.95
2.03
2.05
2.01
1.92
2.01
1.98
1.97
2.00
2.16
2.02
1.99
1.89
2.04
1.99
1.98
1.98
1.92
1.98
1.95
2.07
2.03
2.08
2.06
1.94
1.95
2.02
1.94
2.12
1.95
2.05
1.98
2.05
1.98
1.91
1.97
1.92
1.99
1.97
2.05
2.00
2.06
2.02
2.09
2.01
1.99
1.99
2.02
2.06
1.93
1.93
2.02
2.02
1.93
1.97
2.33
1.92
2.04
1.98
2.08
1.92
1.96
1.98
1.91
2.01
2.04
1.98
1.98
2.10
2.01
1.97
2.04
2.00
1.94
1.98
1.98
1.95
2.02
2.02
2.13
2.07
2.01
2.05
2.09
2.08
2.14
2.08
2.08
2.08
2.09
2.01
2.08
2.10
2.13
1.93
2.75
1.98
2.05
1.99
2.00
2.26
2.08
1.89
2.06
1.96
1.96
1.92
2.11
1.99
1.96
1.99
2.15
1.97
2.02
1.95
2.01
2.01
1.94
2.01
1.97
2.08
2.04
2.07
1.90
2.01
1.91
1.97
1.98
2.01
1.99
1.93
2.00
1.98
1.97
1.95
2.00
1.99
2.00
1.92
2.05
2.02
2.01
2.00
2.02
1.97
2.01
2.04
2.00
1.89
2.01
1.94
2.00
1.99
2.01
1.98
1.94
2.01
1.98
2.06
2.02
2.00
1.95
2.30
2.04
2.13
1.96
2.06
2.03
1.96
1.97
2.03
2.00
1.99
2.04
1.95
1.94
2.01
2.00
1.96
1.98
1.95
2.04
2.04
2.00
2.01
1.93
1.95
2.00
2.00
2.10
2.01
1.98
1.91
2.04
1.98
2.02
2.11
2.03
2.01
1.97
1.98
1.96
2.03
2.02
1.96
1.93
1.92
1.93
1.96
1.97
1.97
1.94
2.07
1.93
1.99
1.98
2.06
1.97
2.04
2.06
2.09
1.93
2.00
2.06
2.05
2.04
2.00
1.96
2.01
2.03
2.04
1.97
2.07
1.95
1.93
2.00
2.00
1.98
1.91
2.05
2.00
1.88
1.97
1.96
2.08
1.94
1.98
2.00
1.93
2.20
2.01
1.99
1.91
2.01
2.00
2.15
2.04
2.00
1.99
1.98
2.07
1.99
2.06
2.04
1.94
2.06
2.02
2.00
1.95
1.96
1.96
1.98
2.01
2.04
1.97
1.95
2.06
2.09
2.07
2.01
2.00
1.97
1.96
2.09
1.93
2.01
2.02
1.98
2.03
2.04
1.95
1.97
2.16
1.90
1.97
2.01
2.02
2.02
1.88
2.11
2.08
2.06
2.09
2.02
1.91
2.00
1.98
1.97
1.97
1.95
1.99
2.00
2.03
2.03
1.94
2.03
1.99
2.00
1.98
2.06
2.81
2.03
2.00
2.01
1.93
2.10
2.02
1.95
1.97
2.00
1.97
2.03
2.07
2.07
1.94
2.02
2.04
2.00
2.02
1.97
1.93
2.06
1.95
2.02
1.98
2.03
2.06
2.06
2.05
1.99
2.03
1.96
2.02
2.02
1.97
2.03
1.96
2.02
1.98
2.05
1.96
2.02
2.00
1.97
2.01
1.96
2.23
2.03
1.99
1.99
1.95
2.00
1.96
2.00
1.93
2.02
2.00
2.08
1.95
1.97
1.99
2.02
2.06
2.21
1.89
1.96
2.03
1.97
2.03
2.04
1.95
2.02
1.97
1.97
2.04
1.98
1.97
1.98
2.02
1.99
2.03
1.99
2.05
2.01
2.01
1.93
2.08
1.93
1.94
1.99
1.93
1.94
2.00
2.02
2.19
2.01
1.98
1.91
2.01
2.03
1.92
2.01
1.94
2.04
1.98
1.98
2.00
2.08
1.93
2.02
1.94
2.14
1.96
2.04
1.96
1.98
2.11
2.20
2.14
1.99
1.98
2.03
1.97
1.92
1.98
1.94
1.98
2.06
2.10
1.93
2.00
2.05
2.00
2.02
1.94
2.02
2.06
2.04
2.03
1.98
2.00
2.03
1.98
1.99
2.02
1.99
1.96
2.01
1.97
1.98
1.91
2.02
1.97
1.93
2.01
1.99
1.94
2.08
2.11
