1.24
1.17
1.18
1.17
1.19
1.21
1.23
1.25
1.28
1.25
1.13
1.22
1.15
1.30
1.18
1.18
1.44
1.20
1.13
1.25
1.15
1.18
1.24
1.13
1.14
1.19
1.11
1.26
1.29
1.22
1.25
1.25
1.23
1.29
1.16
1.30
1.20
1.18
1.18
1.36
1.17
1.18
1.26
1.35
1.33
1.24
1.20
1.18
1.26
1.29
1.19
1.45
1.20
1.20
1.16
1.30
1.24
1.19
1.25
1.24
1.16
1.29
1.27
1.24
1.35
1.21
1.17
1.15
1.20
1.18
1.15
1.20
1.16
1.20
1.23
1.18
1.20
1.19
1.20
1.23
1.16
1.21
1.18
1.20
1.17
1.27
1.19
1.21
1.22
1.19
1.22
1.19
1.23
1.21
1.21
1.24
1.12
1.21
1.15
1.15
1.21
1.19
1.24
1.15
1.15
1.27
1.24
1.32
1.21
1.21
1.28
1.22
1.20
1.21
1.26
1.24
1.25
1.25
1.17
1.21
1.21
1.17
1.18
1.14
1.20
1.22
1.19
1.22
1.21
1.18
1.21
1.20
1.22
1.27
1.21
1.15
1.22
1.21
1.12
1.25
1.24
1.27
1.23
1.12
1.23
1.20
1.26
1.30
1.24
1.17
1.17
1.24
1.15
1.24
1.28
1.18
1.14
1.21
1.17
1.26
1.27
1.19
1.24
1.45
1.19
1.20
1.22
1.26
1.23
1.24
1.20
1.23
1.19
1.22
1.20
1.25
1.25
1.22
1.21
1.24
1.18
1.21
1.23
1.24
1.23
1.27
1.20
1.19
1.20
1.26
1.21
1.28
1.29
1.27
1.36
1.30
1.18
1.19
1.28
1.18
1.24
1.29
1.23
1.16
1.17
1.32
1.33
1.19
1.20
1.29
1.16
1.21
1.17
1.23
1.27
1.15
1.22
1.27
1.25
1.21
1.25
1.18
1.19
1.26
1.19
1.21
1.19
1.24
1.16
1.19
1.13
1.19
1.20
1.27
1.17
1.21
1.27
1.24
1.20
1.16
1.27
1.29
1.15
1.21
1.27
1.25
1.21
1.27
1.26
1.19
1.18
1.18
1.17
1.26
1.21
1.20
1.29
1.30
1.20
1.13
1.18
1.21
1.20
1.34
1.19
1.13
1.19
1.11
1.13
1.14
1.25
1.31
1.20
1.25
1.17
1.13
1.26
1.20
1.18
1.17
1.19
1.26
1.29
1.30
1.22
1.38
1.30
1.16
1.16
1.29
1.28
1.27
1.19
1.20
1.21
1.19
1.27
1.22
1.24
1.19
1.15
1.25
1.17
1.24
1.25
1.24
1.21
1.14
1.12
1.16
1.18
1.21
1.25
1.30
1.24
1.13
1.26
1.20
1.26
1.21
1.29
1.24
1.23
1.25
1.18
1.20
1.16
1.23
1.25
1.25
1.20
1.16
1.20
1.12
1.27
1.24
1.15
1.23
1.26
1.20
1.13
1.20
1.23
1.20
1.17
1.21
1.22
1.21
1.20
1.22
1.19
1.13
1.19
1.27
1.26
1.20
1.20
1.27
1.24
1.19
1.22
1.20
1.25
1.27
1.23
1.25
1.14
1.16
1.16
1.28
1.26
1.17
1.22
1.19
1.18
1.18
1.29
1.34
1.24
1.17
1.17
1.23
1.28
1.22
1.17
1.19
1.19
1.22
1.23
1.28
1.22
1.17
1.14
1.29
1.22
1.18
1.24
1.26
1.21
1.18
1.19
1.32
1.29
1.23
1.20
1.28
1.23
1.16
1.25
1.23
1.20
1.15
1.26
1.19
1.16
1.21
1.28
1.29
1.18
1.19
1.23
1.18
1.20
1.24
1.25
1.29
1.16
1.13
1.19
1.17
1.17
1.21
1.18
1.25
1.16
1.24
1.15
1.20
1.19
1.26
1.11
1.22
1.15
1.19
1.26
1.25
1.21
1.20
1.23
1.26
1.17
1.18
1.22
1.17
1.18
1.22
1.23
1.24
1.22
1.24
1.23
1.27
1.23
1.15
1.20
1.18
1.24
1.22
1.23
1.33
1.20
1.18
1.14
1.23
1.16
1.21
1.17
1.20
1.23
1.14
1.23
1.28
1.23
1.25
1.18
1.29
1.22
1.21
1.21
1.29
1.20
1.22
1.16
1.15
1.17
1.27
1.15
1.23
1.21
1.13
1.11
1.23
1.26
1.13
1.17
1.17
1.22
1.18
1.16
1.25
1.21
1.24
1.17
1.19
1.22
1.19
1.16
1.26
1.16
1.19
1.16
1.22
1.23
1.22
1.22
1.12
1.14
1.15
1.25
1.15
1.25
1.20
1.18
1.26
1.19
1.25
1.19
1.10
1.18
1.21
1.26
1.17
1.17
1.24
1.27
1.28
1.18
1.17
1.16
1.24
1.14
1.15
1.15
1.16
1.14
1.23
1.17
1.26
1.20
1.26
1.29
1.24
1.21
1.15
1.15
1.13
1.18
1.18
1.24
1.26
1.31
1.21
1.23
1.22
1.22
1.27
1.26
1.27
1.18
1.16
1.14
1.21
1.16
1.11
1.16
1.30
1.23
1.24
1.13
1.21
1.17
1.15
1.19
1.27
1.27
1.20
1.35
1.15
1.25
1.20
1.18
1.25
1.31
1.23
1.23
1.23
1.12
1.15
1.22
1.15
1.14
1.26
1.16
1.26
1.16
1.17
1.23
1.15
1.18
1.15
1.18
1.16
1.17
1.25
1.19
1.28
1.20
1.16
1.21
1.38
1.36
1.20
1.27
1.21
1.18
1.16
1.21
1.20
1.22
1.19
1.15
1.14
1.15
1.19
1.21
1.17
1.23
1.17
1.24
1.24
1.16
1.20
1.15
1.24
1.49
1.20
1.53
1.22
1.19
1.30
1.26
1.23
1.14
1.17
1.16
1.29
1.14
3.06
1.16
1.26
1.23
1.22
1.25
1.29
1.14
1.20
1.19
1.20
1.16
1.18
1.20
1.30
1.25
1.25
1.25
1.27
1.24
1.14
1.22
1.28
1.32
1.28
1.27
1.22
1.20
1.18
1.19
1.27
1.41
1.18
1.21
1.19
1.17
1.20
1.13
1.23
1.16
1.19
1.18
1.22
1.15
1.14
1.13
1.26
1.26
1.15
1.16
1.22
1.19
1.19
1.12
1.21
1.11
1.19
1.30
1.19
1.22
1.22
1.21
1.13
1.11
1.18
1.18
1.26
1.26
1.21
1.18
1.22
1.21
1.19
1.22
1.23
1.25
1.22
1.15
1.22
1.24
1.21
1.17
1.23
1.18
1.21
1.19
1.28
1.35
1.24
1.18
1.21
1.26
1.17
1.19
1.26
1.21
1.19
1.21
1.21
1.17
1.19
1.16
1.25
1.16
1.18
1.26
1.16
1.15
1.21
1.19
1.25
1.19
1.24
1.22
1.15
1.32
1.13
1.20
1.24
1.16
1.27
1.24
1.16
1.30
1.15
1.35
1.20
1.13
1.32
1.24
1.20
1.19
1.22
1.25
1.21
1.23
1.26
1.32
1.22
1.20
1.17
1.21
1.26
1.19
1.13
1.13
1.21
1.20
1.31
1.18
1.26
1.23
1.19
1.28
1.22
1.22
1.18
1.21
1.20
1.21
1.16
1.24
1.13
1.24
1.26
1.26
1.30
1.19
1.17
1.21
1.25
1.14
1.22
1.19
1.17
1.28
1.19
1.24
1.17
1.17
1.25
1.21
1.23
1.23
1.22
1.22
1.20
1.12
1.22
1.21
1.30
1.13
1.17
1.28
1.19
1.22
1.19
1.18
1.19
1.12
1.17
1.27
1.24
1.20
1.20
1.15
1.29
1.13
1.17
1.15
1.27
1.20
1.26
1.23
1.21
1.23
1.22
1.17
1.19
1.24
1.17
1.25
1.22
1.15
1.17
1.20
1.23
1.23
1.21
1.15
1.33
1.17
1.20
1.21
1.21
1.21
1.25
1.18
1.25
1.22
1.17
1.27
1.23
1.23
1.19
1.28
1.23
1.16
1.25
1.18
1.26
1.19
1.19
1.17
1.21
1.22
1.14
1.13
1.19
1.25
1.25
1.14
1.27
1.18
1.16
1.19
1.24
1.14
1.22
1.16
1.21
1.23
1.19
1.30
1.19
1.17
1.17
1.22
1.22
1.23
1.27
1.31
1.12
1.23
1.18
1.28
1.24
1.20
1.18
1.26
1.19
1.31
1.19
1.23
1.20
1.16
1.26
1.17
1.29
1.19
1.23
1.14
1.19
1.20
1.18
1.20
1.18
1.17
1.16
1.19
1.26
1.13
1.25
1.29
1.26
1.16
1.31
1.24
1.19
1.13
1.24
1.23
1.23
1.30
1.19
1.24
1.23
1.19
1.20
1.18
1.24
1.16
1.22
