1.36
1.41
1.35
1.32
1.36
1.37
1.36
1.35
1.52
1.39
1.39
1.32
1.29
1.45
1.39
1.38
1.29
1.37
1.34
1.48
1.40
1.36
1.34
1.37
1.37
1.33
1.34
1.30
1.35
1.37
1.37
1.33
1.39
1.29
1.35
1.38
1.41
1.34
1.36
1.63
1.35
1.34
1.30
1.36
1.41
1.38
1.42
1.31
1.34
1.44
1.44
1.37
1.36
1.41
1.29
1.40
1.33
1.36
1.37
1.42
1.33
1.34
1.35
1.34
1.43
1.30
1.36
1.36
1.42
1.40
1.35
1.49
1.44
1.36
1.35
1.39
1.36
1.40
1.34
1.35
1.39
1.31
1.35
1.33
1.33
1.39
1.30
1.37
1.37
1.40
1.38
1.38
1.38
1.35
1.38
1.37
1.42
1.46
1.38
1.39
1.47
1.41
1.39
1.35
1.33
1.40
1.36
1.37
1.42
1.38
1.41
1.42
1.40
1.35
1.50
1.34
1.36
1.36
1.47
1.31
1.40
1.36
1.41
1.42
1.33
1.30
1.35
1.36
1.34
1.34
1.37
1.37
1.39
1.34
1.40
1.35
1.42
1.30
1.36
1.40
1.45
1.39
1.37
1.32
1.32
1.37
1.40
1.34
1.41
1.32
1.38
1.30
1.30
1.34
1.38
1.38
1.37
1.37
1.33
1.35
1.36
1.32
1.43
1.42
1.30
1.34
1.36
1.35
1.45
1.40
1.37
1.46
1.41
1.37
1.36
1.44
1.44
1.39
1.37
1.38
1.32
1.43
1.42
1.50
1.35
1.38
1.39
1.30
1.34
1.34
1.37
1.38
1.34
1.31
1.39
1.37
1.43
1.35
1.35
1.40
1.34
1.38
1.32
1.36
1.34
1.37
1.41
1.36
1.39
1.35
1.37
1.34
1.35
1.39
1.33
1.35
1.32
1.33
1.39
1.39
1.35
1.30
1.32
1.31
1.35
1.35
1.32
1.33
1.38
1.39
1.41
1.44
1.43
1.45
1.39
1.38
1.44
1.46
1.39
1.39
1.39
1.35
1.32
1.33
1.36
1.40
1.39
1.41
1.37
1.40
1.35
1.42
1.33
1.43
1.43
1.34
1.41
1.58
1.44
1.40
1.38
1.40
1.36
1.39
1.40
1.36
1.39
1.33
1.30
1.37
1.33
1.31
1.39
1.33
1.34
1.38
1.43
1.32
1.45
1.40
1.40
1.33
1.33
1.36
1.32
1.38
1.39
1.34
1.35
1.38
1.33
1.42
1.38
1.29
1.34
1.30
1.35
1.48
1.35
1.37
1.34
1.40
2.11
1.35
1.37
1.36
1.35
1.30
1.40
1.35
1.37
1.40
1.29
1.34
1.36
1.33
1.35
1.31
1.32
1.40
1.37
1.42
1.29
1.32
1.29
1.43
1.35
1.33
1.35
1.35
1.38
1.31
1.37
1.39
1.34
1.34
1.33
1.42
1.32
1.43
1.40
1.33
1.35
1.30
1.40
1.30
1.29
1.33
1.36
1.37
1.40
1.33
1.35
1.36
1.36
1.39
1.40
1.31
1.34
1.35
1.32
1.39
1.32
1.38
1.34
1.32
1.54
1.37
1.39
1.43
1.38
1.34
1.37
1.46
1.36
1.37
1.34
1.40
1.33
1.32
1.40
1.38
1.31
1.35
1.40
1.37
1.34
1.40
1.35
1.34
1.40
1.42
1.42
1.32
1.33
1.39
1.39
1.36
1.46
1.36
1.37
1.35
1.44
1.36
1.47
1.31
1.35
1.31
1.37
1.36
1.39
1.43
1.37
1.37
1.40
1.39
1.39
1.36
1.36
1.32
1.38
1.34
1.38
1.41
1.42
1.31
1.41
1.32
1.39
1.29
1.36
1.40
1.35
1.51
1.42
1.32
1.44
1.39
1.43
1.57
1.37
1.38
1.39
1.40
1.32
1.41
1.33
1.41
1.33
1.40
1.30
1.42
1.39
1.29
1.43
1.35
1.41
1.36
1.30
1.36
1.44
1.34
1.40
1.37
1.35
1.41
1.36
1.33
1.37
1.38
1.36
1.38
1.31
1.37
1.32
1.33
1.39
1.33
1.38
1.38
1.31
1.37
1.36
1.39
1.31
1.35
1.32
1.39
1.32
1.39
1.37
1.37
1.38
1.31
1.37
1.38
1.31
1.30
1.34
1.38
1.36
1.39
1.35
1.39
1.37
1.34
1.34
1.33
1.30
1.34
1.32
1.37
1.35
1.34
1.38
1.35
1.40
1.41
1.52
1.37
1.33
1.35
1.40
1.37
1.40
1.39
1.31
1.31
1.37
1.32
1.35
1.40
1.36
1.37
1.34
1.40
1.32
1.32
1.37
1.35
1.33
1.34
1.37
1.33
1.38
1.36
1.34
1.33
1.29
1.33
1.34
1.31
1.30
1.34
1.36
1.42
1.34
1.40
1.42
1.40
1.37
1.37
1.34
1.37
1.29
1.39
1.34
1.48
1.40
1.31
1.37
1.31
1.36
1.38
1.39
1.30
1.34
1.41
1.37
1.37
1.38
1.37
1.49
1.45
1.50
1.32
1.33
1.35
1.39
1.29
1.33
1.33
1.38
1.29
1.32
1.34
1.37
1.32
1.35
1.36
1.37
1.35
1.48
1.37
1.36
1.36
1.35
1.39
1.38
1.34
1.30
1.41
1.44
1.38
1.31
1.34
1.32
1.34
1.32
1.41
1.31
1.38
1.35
1.40
1.43
1.39
1.52
1.36
1.33
1.40
1.41
1.40
1.38
1.39
1.51
1.54
1.33
1.37
1.33
1.32
1.31
1.33
1.36
1.33
1.36
1.40
1.35
1.37
1.30
1.38
1.40
1.38
1.38
1.31
1.38
1.39
1.34
1.42
1.37
1.38
1.35
1.34
1.37
1.33
1.37
1.31
1.60
1.39
1.42
1.34
1.42
1.41
1.37
1.42
1.36
1.30
1.34
1.49
1.34
1.37
1.35
1.30
1.32
1.36
1.35
1.33
1.37
1.38
1.35
1.34
1.37
1.41
1.37
1.37
1.39
1.38
1.37
1.38
1.35
1.33
1.35
1.28
1.36
1.34
1.44
1.33
1.32
1.39
1.34
1.43
1.38
1.39
1.39
1.39
1.35
1.37
1.34
1.34
1.33
1.39
1.37
1.33
1.37
1.36
1.38
1.39
1.31
1.35
1.36
1.35
1.34
1.38
1.35
1.42
1.41
1.40
1.44
1.39
1.39
1.36
1.45
1.36
1.31
1.40
1.34
1.35
1.34
1.36
1.34
1.35
1.36
1.29
1.37
1.41
1.35
1.35
1.42
1.36
1.39
1.42
1.30
1.47
1.37
1.37
1.36
1.31
1.40
1.35
1.35
1.43
1.37
1.50
1.44
1.39
1.34
1.62
1.36
1.39
1.36
1.42
1.42
1.34
1.34
1.40
1.35
1.35
1.44
1.38
1.45
1.41
1.38
1.40
1.38
1.40
1.42
1.41
1.37
1.37
1.35
1.40
1.35
1.38
1.40
1.34
1.35
1.36
1.41
1.29
1.29
1.35
1.37
1.33
1.33
1.39
1.33
1.36
1.35
1.37
1.35
1.32
1.40
1.31
1.38
1.44
1.34
1.38
1.34
1.34
1.28
1.40
1.37
1.33
1.34
1.36
1.36
1.41
1.42
1.40
1.34
1.39
1.41
1.47
1.40
1.41
1.41
1.38
1.35
1.40
1.33
1.37
1.37
1.31
1.43
1.37
1.40
1.32
1.40
1.32
1.33
1.37
1.42
1.40
1.37
1.39
1.40
1.40
1.29
1.31
1.36
1.39
1.37
1.37
1.39
1.32
1.37
1.32
1.40
1.41
1.41
1.43
1.39
1.43
1.38
1.38
1.36
1.38
1.37
1.38
1.37
1.39
1.35
1.42
1.35
1.43
1.38
1.35
1.37
1.35
1.38
1.42
1.39
1.40
1.43
1.35
1.31
1.39
1.53
1.40
1.40
1.36
1.34
1.40
1.39
1.31
1.36
1.32
1.35
1.33
1.33
1.42
1.38
1.34
1.31
1.36
1.43
1.43
1.37
1.41
1.40
1.41
1.30
1.32
1.32
1.32
1.39
1.39
1.37
1.34
1.39
1.37
1.30
1.39
1.39
1.36
1.42
1.35
1.36
1.37
1.41
1.31
1.36
1.40
1.37
1.38
1.43
1.39
1.34
1.29
1.39
1.37
1.30
1.37
1.34
1.41
1.33
1.46
1.34
1.28
1.35
1.36
1.39
1.37
1.37
1.35
1.44
1.34
1.40
1.36
1.37
1.38
1.36
1.33
2.30
1.35
1.38
1.38
1.43
1.37
1.44
1.39
1.36
1.38
1.40
1.44
1.41
1.35
1.35
1.33
1.38
1.38
