1.11
1.13
1.14
1.08
1.14
1.08
1.11
1.10
1.11
1.10
1.13
1.09
1.08
1.16
1.22
1.11
1.13
1.12
1.07
1.10
1.12
1.16
1.08
1.04
1.12
1.07
1.18
1.10
1.03
1.04
1.10
1.12
1.13
1.04
1.09
1.05
1.11
1.19
1.07
1.09
1.07
1.12
1.09
1.05
1.06
1.11
1.08
1.12
1.03
1.06
1.12
1.17
1.10
1.15
1.12
1.17
1.05
1.04
1.12
1.06
1.14
1.12
1.15
1.09
1.11
1.19
1.12
1.13
1.18
1.12
1.10
1.08
1.13
1.09
1.05
1.08
1.08
1.17
1.07
1.09
1.13
1.13
1.11
1.14
1.11
1.06
1.13
1.04
1.13
1.09
1.13
1.16
1.12
1.11
1.11
1.12
1.13
1.10
1.13
1.05
1.05
1.14
1.12
1.15
1.07
1.08
1.08
1.12
1.21
1.11
1.11
1.13
1.06
1.07
1.10
1.11
1.10
1.11
1.16
1.13
1.12
1.06
1.04
1.09
1.18
1.16
1.18
1.13
1.13
1.16
1.12
1.15
1.07
1.13
1.13
1.16
1.09
1.12
1.14
1.14
1.11
1.09
1.07
1.14
1.22
1.12
1.11
1.09
1.11
1.14
1.10
1.17
1.19
1.15
1.08
1.14
1.07
1.14
1.13
1.13
1.06
1.06
1.07
1.20
1.14
1.09
1.12
1.22
1.13
1.15
1.11
1.10
1.12
1.14
1.10
1.13
1.13
1.12
1.11
1.23
1.16
1.10
1.04
1.05
1.14
1.17
1.07
1.09
1.44
1.09
1.12
1.17
1.10
1.10
1.17
1.10
1.15
1.14
1.16
1.15
1.12
1.14
1.20
1.09
1.17
1.08
1.12
1.10
1.14
1.26
1.13
1.08
1.06
1.12
1.16
1.10
1.21
1.11
1.22
1.10
1.12
1.12
1.26
1.08
1.15
1.15
1.11
1.12
1.12
1.20
1.13
1.15
1.17
1.04
1.13
1.12
1.15
1.22
1.13
1.21
1.11
1.19
1.13
1.14
1.09
1.10
1.13
1.07
1.10
1.07
1.27
1.19
1.10
1.10
1.11
1.14
1.09
1.07
1.10
1.10
1.19
1.12
1.14
1.03
1.06
1.17
1.10
1.15
1.12
1.10
1.07
1.10
1.14
1.11
1.13
1.15
1.11
1.16
1.08
1.17
1.11
1.14
1.14
1.12
1.41
1.06
1.06
1.14
1.13
1.12
1.04
1.08
1.12
1.11
1.09
1.18
1.09
1.06
1.14
1.04
1.04
1.16
1.16
1.13
1.07
1.19
1.13
1.09
1.12
1.25
1.17
1.06
1.25
1.19
1.10
1.11
1.14
1.13
1.10
1.17
1.10
1.22
1.05
1.21
1.11
1.18
1.16
1.11
1.12
1.14
1.04
1.19
1.20
1.11
1.13
1.11
1.11
1.16
1.15
1.16
1.18
1.09
1.11
1.15
1.11
1.07
1.19
1.12
1.10
1.16
1.14
1.11
1.07
1.35
1.17
1.05
1.08
1.15
1.14
1.13
1.09
1.15
1.17
1.16
1.14
1.16
1.17
1.12
1.14
1.14
1.10
1.18
1.11
1.15
1.12
1.13
1.15
1.10
1.05
1.14
1.07
1.15
1.06
1.07
1.14
1.17
1.12
1.08
1.14
1.22
1.07
1.13
1.14
1.11
1.15
1.10
1.22
1.04
1.05
1.12
1.11
1.07
1.10
1.13
1.13
1.09
1.14
1.09
1.12
1.15
1.12
1.14
1.08
1.14
1.16
1.08
1.10
1.17
1.10
1.16
1.10
1.09
1.15
1.05
1.09
1.09
1.11
1.14
1.19
1.09
1.13
1.16
1.16
1.23
1.11
1.18
1.09
1.08
1.13
1.07
1.13
1.08
1.22
1.09
1.13
1.07
1.14
1.11
1.18
1.14
1.26
1.12
1.18
1.14
1.14
1.04
1.15
1.18
1.12
1.16
1.08
1.10
1.15
1.15
1.21
1.13
1.08
1.14
1.06
1.15
1.25
1.20
1.18
1.12
1.17
1.08
1.10
1.07
1.11
1.11
1.18
1.07
1.12
1.19
1.17
1.15
1.09
1.12
1.14
1.12
1.09
1.20
1.11
1.15
1.11
1.11
1.15
1.11
1.17
1.17
1.17
1.21
1.15
1.07
1.05
1.09
1.12
1.13
1.16
1.17
1.10
1.16
1.16
1.04
1.09
1.10
1.19
1.14
1.11
1.15
1.10
1.14
1.10
1.07
1.05
1.15
1.15
1.06
1.14
1.13
1.09
1.06
1.20
1.07
1.08
1.12
1.10
1.10
1.13
1.07
1.05
1.09
1.05
1.14
1.11
1.17
1.18
1.56
1.09
1.05
1.11
1.17
1.08
1.13
1.09
1.20
1.13
1.12
1.10
1.11
1.12
1.18
1.06
1.11
1.13
1.22
1.10
1.25
1.09
1.15
1.13
1.40
1.19
1.10
1.13
1.15
1.07
1.04
1.08
1.08
1.14
1.10
1.14
1.05
1.10
1.17
1.13
1.09
1.18
1.18
1.15
1.12
1.16
1.12
1.17
1.13
1.11
1.14
1.14
1.11
1.19
1.07
1.11
1.14
1.10
1.13
1.08
1.14
1.25
1.15
1.10
1.12
1.17
1.21
1.14
1.14
1.11
1.16
1.14
1.13
1.15
1.11
1.07
1.03
1.07
1.11
1.07
1.18
1.13
1.13
1.14
1.17
1.12
1.14
1.23
1.37
1.08
1.12
1.16
1.13
1.08
1.21
1.07
1.10
1.07
1.08
1.09
1.08
1.07
1.17
1.13
1.12
1.12
1.14
1.09
1.10
1.09
1.17
1.12
1.11
1.18
1.08
1.09
1.32
1.15
1.15
1.11
1.21
1.09
1.06
1.13
1.08
1.08
1.09
1.13
1.14
1.08
1.10
1.10
1.08
1.05
1.14
1.11
1.16
1.16
1.15
1.13
1.22
1.16
1.12
1.12
1.14
1.13
1.17
1.08
1.15
1.17
1.11
1.11
1.05
1.08
1.23
1.16
1.14
1.15
1.08
1.13
1.15
1.08
1.11
1.09
1.11
1.19
1.11
1.05
1.12
1.09
1.16
1.18
1.15
1.11
1.15
1.10
1.17
1.14
1.12
1.05
1.15
1.17
1.08
1.07
1.07
1.15
1.11
1.11
1.11
1.05
1.13
1.04
1.14
1.12
1.14
1.14
1.08
1.12
1.09
1.09
1.10
1.15
1.12
1.15
1.16
1.15
1.12
1.04
1.12
1.15
1.09
1.18
1.13
1.17
1.09
1.18
1.12
1.22
1.13
1.15
1.16
1.08
1.10
1.14
1.17
1.09
1.12
1.17
1.08
1.14
1.10
1.13
1.10
1.15
1.13
1.17
1.15
1.12
1.15
1.15
1.07
1.05
1.08
1.04
1.14
1.11
1.19
1.10
1.10
1.08
1.09
1.14
1.03
1.11
1.07
1.13
1.13
1.15
1.07
1.10
1.08
1.12
1.07
1.21
1.06
1.16
1.13
1.10
1.07
1.07
1.09
1.11
1.08
1.14
1.14
1.09
1.06
1.14
1.05
1.15
1.15
1.14
1.13
1.08
1.17
1.05
1.12
1.04
1.13
1.13
1.15
1.12
1.06
1.12
1.09
1.12
1.17
1.12
1.14
1.16
1.14
1.18
1.12
1.14
1.10
1.11
1.09
1.17
1.09
1.07
1.07
1.13
1.12
1.54
1.13
1.15
1.05
1.11
1.09
1.13
1.12
1.13
1.08
1.06
1.23
1.07
1.08
1.13
1.12
1.09
1.08
1.08
1.11
1.12
1.09
1.15
1.14
1.09
1.14
1.08
1.08
1.04
1.12
1.13
1.17
1.14
1.15
1.07
1.08
1.16
1.12
1.20
1.16
1.15
1.05
1.13
1.09
1.15
1.08
1.08
1.05
1.14
1.22
1.16
1.06
1.08
1.13
1.15
1.16
1.14
1.18
1.07
1.11
1.13
1.08
1.15
1.13
1.06
1.09
1.06
1.07
1.06
1.07
1.13
1.12
1.19
1.17
1.12
1.11
1.07
1.11
1.14
1.08
1.12
1.17
1.12
1.16
1.12
1.10
1.11
1.12
1.04
1.06
1.14
1.19
1.14
1.13
1.13
1.11
1.14
1.17
1.14
1.07
1.09
1.16
1.10
1.11
1.04
1.10
1.14
1.08
1.10
1.13
1.07
1.06
1.05
1.08
1.08
1.06
1.14
1.13
1.13
1.14
1.16
1.09
1.08
1.13
1.23
1.13
1.14
1.17
1.14
1.12
1.12
1.05
1.08
1.06
1.10
1.18
1.19
1.09
1.10
1.08
