1.35
1.58
1.48
1.41
1.41
1.35
1.43
1.43
1.47
1.53
1.41
1.42
1.48
1.46
1.41
1.45
1.43
1.45
1.43
1.48
1.39
1.55
1.40
1.47
1.41
1.50
1.45
1.51
1.44
1.55
1.78
1.44
1.43
1.48
1.49
1.50
1.39
1.48
1.48
1.41
1.45
1.47
1.42
1.44
1.43
1.42
1.41
1.47
1.44
1.39
1.45
1.46
1.38
1.39
1.44
1.42
1.50
1.45
1.43
1.47
1.38
1.45
1.49
1.45
1.43
1.51
1.42
1.52
1.41
1.40
1.45
1.45
1.42
1.45
1.39
1.48
1.45
1.38
1.42
1.39
1.40
1.39
1.42
1.49
1.40
1.42
1.44
1.37
1.34
1.54
1.41
1.53
1.38
1.38
1.43
1.46
1.66
1.42
1.46
1.43
1.49
1.44
1.45
1.43
1.40
1.44
1.36
1.44
1.39
1.41
1.49
1.45
1.49
1.49
1.43
1.45
1.46
1.44
1.42
1.52
1.46
1.40
1.43
1.41
1.37
1.45
1.44
1.42
1.41
1.44
1.37
1.51
1.39
1.41
1.46
1.41
1.47
1.53
1.52
1.49
1.49
1.37
1.45
1.42
1.45
1.40
1.40
1.47
1.45
1.46
1.46
1.40
1.65
1.41
1.42
1.44
1.41
1.41
1.43
1.47
1.48
1.44
1.43
1.45
1.39
1.43
1.57
1.42
1.40
1.45
1.38
1.39
1.40
1.43
1.44
1.43
1.44
1.51
1.50
1.44
1.41
1.43
1.40
1.45
1.40
1.51
1.40
1.42
1.40
1.42
1.40
1.45
1.47
1.47
1.39
1.64
1.40
1.51
1.46
1.36
1.34
1.47
1.39
1.41
1.44
1.44
1.47
1.48
1.50
1.45
1.42
1.45
1.44
1.44
1.42
1.48
1.50
1.49
1.44
1.42
1.44
1.46
1.45
1.47
1.45
1.49
1.54
1.40
1.41
1.38
1.46
1.38
1.50
1.46
1.46
1.43
1.43
1.43
1.33
1.42
1.46
1.48
1.42
1.46
1.43
1.47
1.64
1.43
1.40
1.44
1.52
1.45
1.49
1.44
1.48
1.36
1.47
1.45
1.41
1.42
1.49
1.42
1.35
1.48
1.38
1.53
1.65
1.47
1.44
1.44
1.41
1.43
1.40
1.40
1.45
1.43
1.48
1.42
1.44
1.41
1.42
1.51
1.45
1.52
1.45
1.43
1.46
1.44
1.54
1.47
1.49
1.41
1.52
1.46
1.51
1.43
1.45
1.48
1.45
1.49
1.44
1.47
1.46
1.41
1.40
1.47
1.39
1.47
1.38
1.44
1.39
1.43
1.38
1.43
1.37
1.44
1.43
1.44
1.48
1.57
1.38
1.47
1.48
1.62
1.39
1.44
1.40
1.42
1.42
1.43
1.43
1.41
1.40
1.41
1.46
1.51
1.47
1.44
1.46
1.40
1.43
1.44
1.63
1.42
1.38
1.43
1.46
1.46
1.44
1.41
1.45
1.43
1.41
1.52
1.39
1.40
1.36
1.44
1.50
1.41
1.41
1.51
1.43
1.51
1.48
1.47
1.46
1.45
1.55
1.47
1.40
1.49
1.44
1.66
1.38
1.43
1.43
1.46
1.37
1.44
1.40
1.41
1.45
1.37
1.49
1.41
1.49
1.48
1.48
1.48
1.47
1.38
1.45
1.48
1.50
1.46
1.45
1.45
1.46
1.48
1.42
1.45
1.43
1.40
1.42
1.44
1.56
1.47
1.46
1.47
1.40
1.45
1.43
1.49
1.45
1.52
1.56
1.48
1.46
1.37
1.42
1.40
1.46
1.46
1.50
1.48
1.45
1.42
1.41
1.38
1.53
1.35
1.40
1.44
1.41
1.49
1.49
1.36
1.38
1.52
1.45
1.52
1.46
1.40
1.42
1.39
1.36
1.48
1.40
1.43
1.37
1.37
1.45
1.42
1.53
1.46
1.40
1.50
1.40
1.47
1.43
1.47
1.42
1.44
1.52
1.44
1.42
1.38
1.42
1.41
1.43
1.56
1.42
1.44
1.39
1.45
1.43
1.46
1.47
1.45
1.40
2.20
1.45
1.43
1.43
1.40
1.48
1.43
1.42
1.51
1.44
1.40
1.42
1.45
1.41
1.38
1.40
1.50
1.51
1.42
1.45
1.45
1.38
1.41
1.44
1.43
1.42
1.51
1.43
1.41
1.38
1.43
1.42
1.48
1.43
1.49
1.37
1.42
1.45
1.49
1.44
1.52
1.42
1.42
1.39
1.35
1.45
1.46
1.45
1.49
1.37
1.44
1.43
1.41
1.46
1.50
1.49
1.45
1.45
1.41
1.48
1.47
1.47
1.41
1.40
1.43
1.45
1.51
1.47
1.45
1.45
1.50
1.41
1.46
1.33
1.51
1.50
1.44
1.49
1.44
1.46
1.47
1.45
1.44
1.36
1.43
1.42
1.40
1.41
1.51
1.45
1.48
1.47
1.43
1.38
1.49
1.56
1.50
1.43
1.43
1.50
1.45
1.52
1.45
1.44
1.49
1.40
1.39
1.39
1.49
1.46
1.46
1.40
1.42
1.45
1.45
1.41
1.49
1.44
1.51
1.41
1.49
1.48
1.49
1.42
1.50
1.51
1.41
1.37
1.46
1.43
1.46
1.42
1.39
1.41
1.39
1.41
1.53
1.47
1.43
1.41
1.54
1.38
1.46
1.52
1.50
1.50
1.43
1.44
1.45
1.56
1.44
1.52
1.50
1.51
1.50
1.45
1.37
1.47
1.46
1.47
1.53
1.37
1.44
1.50
1.44
1.46
1.50
1.44
1.41
1.39
1.39
1.49
1.49
1.42
1.43
1.43
1.46
1.43
1.45
1.45
1.41
1.36
1.45
1.44
1.42
1.39
1.44
1.42
1.51
1.38
1.34
1.48
1.48
1.49
1.47
1.51
1.39
1.41
1.45
1.40
1.44
1.56
1.46
1.47
1.43
1.36
1.43
1.42
1.44
1.48
1.44
1.39
1.49
1.58
1.41
1.46
1.49
1.49
1.38
1.42
1.39
1.43
1.34
1.56
1.49
1.50
1.40
1.49
1.42
1.38
1.47
1.41
1.44
1.43
1.45
1.52
1.44
1.44
1.45
1.42
1.51
1.49
1.52
1.38
1.44
1.42
1.41
1.46
1.51
1.43
1.46
1.50
1.45
1.53
1.42
1.44
1.57
1.55
1.46
1.41
1.47
1.47
1.43
1.45
1.47
1.47
1.49
1.38
1.39
1.44
1.45
1.43
1.41
1.42
1.40
1.41
1.40
1.46
1.44
1.43
1.49
1.42
1.41
1.38
1.44
1.48
1.46
1.48
1.45
1.42
1.49
1.43
1.40
1.75
1.46
1.44
1.46
1.43
1.41
1.43
1.46
1.43
1.39
1.54
1.45
1.45
1.49
1.52
1.46
1.48
1.45
1.52
1.49
1.44
1.44
1.38
1.46
1.48
1.40
1.52
1.43
1.44
1.44
1.46
1.46
1.48
1.46
1.49
1.46
1.46
1.42
1.46
1.44
1.47
1.46
1.41
1.52
1.46
1.35
1.47
1.42
1.39
1.37
1.39
1.43
1.46
1.50
1.46
1.43
1.41
1.45
1.49
1.40
1.42
1.43
1.38
1.44
1.43
1.42
1.77
1.47
1.43
1.45
1.40
1.51
1.46
1.41
1.42
1.51
1.43
1.46
1.47
1.42
1.40
1.42
1.43
1.43
1.43
1.38
1.44
1.42
1.40
1.40
1.43
1.51
1.48
1.46
1.45
1.48
1.40
1.43
1.40
1.51
1.39
1.43
1.40
1.44
1.42
1.50
1.47
1.48
1.46
1.38
1.40
1.50
1.44
1.55
1.35
1.48
1.39
1.37
1.58
1.44
1.42
1.39
1.49
1.57
1.44
1.58
1.44
1.49
1.54
1.54
1.45
1.49
1.44
1.45
1.49
1.46
1.53
1.41
1.46
1.48
1.53
1.46
1.51
1.60
1.41
1.37
1.41
1.50
1.51
1.44
1.42
1.38
1.43
1.42
1.39
1.48
1.47
1.40
1.45
1.42
1.42
1.41
1.44
1.44
1.42
1.41
1.48
1.45
1.44
1.48
1.42
1.38
1.39
1.49
1.45
1.56
1.46
1.44
1.47
1.41
1.46
1.39
1.39
1.45
1.35
1.39
1.50
1.47
1.42
1.45
1.48
1.41
1.39
1.41
1.49
1.45
1.39
1.39
1.43
1.44
1.51
1.43
1.44
1.40
1.42
1.41
1.43
1.34
1.45
1.40
1.44
1.42
1.39
1.43
1.44
1.40
1.38
1.39
1.38
1.47
1.43
1.43
1.39
1.45
1.37
1.44
