0.401
0.416
0.401
0.407
0.427
0.451
0.410
0.443
0.371
0.409
0.423
0.414
0.447
0.427
0.405
0.413
0.377
0.368
0.393
0.381
0.411
0.443
0.410
0.424
0.412
0.405
0.381
0.377
0.405
0.420
0.406
0.421
0.437
0.410
0.377
0.377
0.411
0.420
0.416
0.412
0.412
0.410
0.392
0.375
0.397
0.398
0.423
0.406
0.416
0.414
0.428
0.412
0.375
0.417
0.399
0.371
0.425
0.422
0.436
0.423
0.407
0.404
0.404
0.397
0.403
0.393
0.430
0.410
0.429
0.427
0.431
0.443
0.405
0.379
0.404
0.396
0.403
0.404
0.478
0.450
0.425
0.373
0.390
0.372
0.375
0.438
0.417
0.411
0.410
0.413
0.380
0.370
0.379
0.381
0.447
0.402
0.411
0.431
0.389
0.427
0.374
0.382
0.423
0.424
0.407
0.419
0.446
0.436
0.417
0.384
0.399
0.413
0.422
0.421
0.415
0.445
0.425
0.405
0.406
0.375
0.400
0.414
0.415
0.409
0.417
0.412
0.387
0.404
0.425
0.422
0.407
0.424
0.394
0.376
0.389
0.366
0.416
0.411
0.416
0.434
0.424
0.389
0.419
0.381
0.377
0.408
0.408
0.413
0.423
0.417
0.374
0.385
0.380
0.406
0.396
0.413
0.415
0.443
0.422
0.384
0.380
0.382
0.412
0.415
0.434
0.451
0.407
0.410
0.383
0.378
0.389
0.407
0.418
0.432
0.439
0.427
0.410
0.378
0.383
0.375
0.399
0.441
0.436
0.444
0.411
0.435
0.436
0.391
0.372
0.416
0.421
0.398
0.425
0.436
0.438
0.448
0.415
0.373
0.419
0.377
0.382
0.435
0.414
0.412
0.400
0.440
0.413
0.373
0.382
0.386
0.436
0.406
0.416
0.451
0.425
0.423
0.397
0.393
0.381
0.382
0.417
0.409
0.424
0.424
0.386
0.373
0.390
0.370
0.414
0.412
0.434
0.415
0.436
0.389
0.377
0.380
0.374
0.441
0.409
0.410
0.421
0.441
0.392
0.372
0.435
0.387
0.454
0.404
0.408
0.476
0.414
0.411
0.405
0.378
0.397
0.391
0.384
0.440
0.411
0.429
0.408
0.380
0.440
0.374
0.395
0.416
0.387
0.409
0.412
0.438
0.415
0.381
0.405
0.393
0.395
0.448
0.408
0.423
0.447
0.418
0.433
0.377
0.377
0.383
0.414
0.419
0.427
0.411
0.433
0.399
0.379
0.392
0.385
0.417
0.452
0.407
0.436
0.392
0.447
0.417
0.387
0.404
0.368
0.418
0.422
0.426
0.411
0.394
0.416
0.382
0.382
0.452
0.396
0.430
0.434
0.404
0.426
0.392
0.405
0.389
0.382
0.403
0.381
0.419
0.409
0.429
0.404
0.383
0.414
0.384
0.412
0.427
0.411
0.445
0.433
0.420
0.424
0.388
0.398
0.381
0.379
0.443
0.435
0.444
0.412
0.384
0.429
0.384
0.384
0.423
0.380
0.449
0.415
0.375
0.414
0.399
0.414
0.406
0.405
0.414
0.413
0.422
0.433
0.408
0.415
0.368
0.393
0.433
0.433
0.408
0.408
0.418
0.411
0.412
0.390
0.407
0.385
0.422
0.409
0.443
0.407
0.377
0.415
0.406
0.409
0.433
0.442
0.378
0.423
0.417
0.382
0.422
0.385
0.443
0.434
0.416
0.413
0.414
0.393
0.386
0.383
0.442
0.437
0.422
0.436
0.377
0.438
0.383
0.377
0.415
0.415
0.413
0.418
0.432
0.428
0.381
0.417
0.440
0.372
0.409
0.422
0.409
0.408
0.406
0.423
0.371
0.375
0.444
0.400
0.422
0.440
0.421
0.413
0.382
0.414
0.390
0.409
0.419
0.407
0.445
0.442
0.391
0.427
0.375
0.661
0.421
0.456
0.457
0.635
0.634
0.413
0.413
0.435
0.380
0.373
0.404
0.373
0.420
0.410
0.425
0.414
0.380
0.440
0.377
0.373
0.416
0.408
0.412
0.407
0.446
0.423
0.380
0.413
0.383
0.383
0.415
0.383
0.438
0.416
0.383
0.407
0.412
0.376
0.426
0.401
0.448
0.447
0.407
0.437
0.378
0.377
0.376
0.384
0.420
0.423
0.420
0.448
0.373
0.436
0.380
0.412
0.442
0.427
0.448
0.416
0.405
0.433
0.378
0.406
0.369
0.379
0.413
0.413
0.370
0.371
0.410
0.378
0.423
0.420
0.370
0.417
0.398
0.386
0.455
0.416
0.429
0.418
0.382
0.405
0.434
0.408
0.415
0.411
0.380
0.417
0.381
0.375
0.410
0.412
0.417
0.407
0.376
0.409
0.383
0.395
0.434
0.418
0.411
0.430
0.394
0.384
0.417
0.379
0.428
0.413
0.406
0.409
0.379
0.383
0.442
0.404
0.446
0.415
0.370
0.387
0.422
0.387
0.438
0.439
0.371
0.410
0.384
0.373
0.419
0.421
0.388
0.415
0.386
0.382
0.415
0.411
0.402
0.427
0.392
0.400
0.408
0.402
0.410
0.430
0.406
0.419
0.378
0.389
0.425
0.429
0.436
0.412
0.392
0.387
0.416
0.374
0.440
0.422
0.380
0.411
0.382
0.371
0.409
0.387
0.404
0.422
0.386
0.409
0.377
0.394
0.447
0.422
0.445
0.420
0.384
0.373
0.420
0.381
0.445
0.413
0.380
0.414
0.398
0.380
0.411
0.417
0.441
0.431
0.390
0.381
0.407
0.385
0.436
0.409
0.422
0.404
0.412
0.426
0.367
0.373
0.424
0.376
0.413
0.410
0.387
0.418
0.378
0.400
0.403
0.411
0.425
0.405
0.378
0.381
0.427
0.396
0.401
0.430
0.419
0.413
0.378
0.376
0.439
0.417
0.428
0.415
0.399
0.424
0.378
0.389
0.436
0.403
0.431
0.410
0.387
0.383
0.423
0.403
0.448
0.429
0.370
0.438
0.389
0.389
0.447
0.421
0.409
0.427
0.394
0.377
0.426
0.374
0.436
0.451
0.385
0.422
0.380
0.377
0.406
0.421
0.405
0.408
0.391
0.397
0.442
0.416
0.412
0.421
0.401
0.380
0.414
0.375
0.416
0.422
0.405
0.447
0.416
0.400
0.419
0.409
0.411
0.426
0.375
0.376
0.409
0.377
0.408
0.414
0.380
0.689
0.378
0.393
0.402
0.389
0.407
0.417
0.378
0.450
0.398
0.386
0.440
0.404
0.430
0.421
0.400
0.393
0.417
0.417
0.416
0.411
0.385
0.428
0.383
0.407
0.419
0.404
0.422
0.436
0.387
0.403
0.439
0.394
0.419
0.406
0.377
0.383
0.394
0.427
0.419
0.444
0.430
0.383
0.385
0.414
0.444
0.448
0.418
0.415
0.381
0.368
0.390
0.408
0.449
0.433
0.437
0.374
0.402
0.406
0.430
0.441
0.445
0.415
0.383
0.413
0.384
0.384
0.407
0.440
0.442
0.408
0.385
0.374
0.383
0.411
0.445
0.401
0.403
0.395
0.377
0.382
0.406
0.433
0.414
0.415
0.379
0.397
0.404
0.416
0.410
0.432
0.439
0.384
0.380
0.379
0.419
0.406
0.413
0.383
0.386
0.378
0.409
0.427
0.445
0.402
0.403
0.383
0.382
0.416
0.487
0.415
0.439
0.392
0.382
0.434
0.409
0.426
0.438
0.447
0.387
0.376
0.407
0.411
0.412
0.412
0.418
0.390
0.376
0.371
0.380
0.435
0.420
0.409
0.420
0.391
0.411
0.417
0.406
0.440
0.420
0.419
0.367
0.409
0.382
0.408
0.413
0.428
0.418
0.404
0.398
0.377
0.416
0.416
0.431
0.404
0.385
0.390
0.400
0.403
0.414
0.415
0.413
0.411
0.414
0.422
0.398
0.416
0.381
0.416
0.419
0.421
0.410
0.380
0.407
0.374
0.414
0.413
0.460
0.423
0.411
0.405
0.367
0.413
0.438
0.434
0.431
0.411
0.384
0.416
0.403
0.429
0.412
0.414
0.406
0.391
0.385
0.385
0.408
0.415
0.424
0.408
0.394
0.384
0.387
0.414
0.414
0.414
0.414
0.368
0.398
0.380
0.434
0.419
0.412
0.423
0.388
0.376
0.371
0.415
0.416
0.415
0.430
0.387
0.377
0.387
0.459
0.406
0.416
0.380
0.380
0.379
0.408
0.445
0.410
0.407
0.386
0.408
0.400
0.434
0.442
0.414
0.411
0.389
0.387
0.420
0.409
0.422
0.422
0.411
0.390
0.412
0.382
0.406
0.616
0.435
0.421
0.391
0.382
0.384
0.382
0.422
0.410
0.433
0.437
0.390
0.381
