0.629
0.579
0.636
0.656
0.571
0.653
0.648
0.653
0.618
0.656
0.527
0.661
0.652
0.669
0.663
0.664
0.686
0.627
0.640
0.647
0.632
0.692
0.598
0.685
0.660
0.619
0.581
0.561
0.603
0.656
0.675
0.647
0.675
0.659
0.682
0.670
0.655
0.593
0.610
0.636
0.647
0.619
0.662
0.611
0.616
0.680
0.579
0.565
0.615
0.670
0.669
0.645
0.641
0.630
0.715
0.660
0.557
0.650
0.652
0.643
0.649
0.608
0.621
0.618
0.648
0.642
0.576
0.662
0.658
0.647
0.644
0.575
0.617
0.644
0.669
0.671
0.648
0.592
0.668
0.653
0.652
0.618
0.644
0.558
0.638
0.652
0.686
0.633
0.650
0.589
0.630
0.692
0.553
0.648
0.680
0.649
0.689
0.625
0.660
0.605
0.641
0.662
0.530
0.642
0.673
0.644
0.624
0.575
0.621
0.649
0.643
0.652
0.579
0.656
0.651
0.680
0.637
0.624
0.666
0.662
0.635
0.644
0.664
0.612
0.650
0.563
0.619
0.594
0.614
0.642
0.663
0.653
0.643
0.622
0.669
0.652
0.571
0.654
0.651
0.656
0.665
0.626
0.647
0.601
0.656
0.585
0.611
0.722
0.571
0.693
0.668
0.621
0.612
0.649
0.558
0.660
0.647
0.659
0.680
0.643
0.675
0.643
0.653
0.582
0.632
0.650
0.642
0.632
0.667
0.556
0.619
0.654
0.569
0.655
0.638
0.651
0.680
0.649
0.686
0.618
0.642
0.595
0.638
0.651
0.718
0.651
0.639
0.625
0.625
0.599
0.572
0.638
0.571
0.647
0.675
0.663
0.650
0.618
0.636
0.660
0.653
0.672
0.613
0.642
0.680
0.572
0.603
0.609
0.619
0.656
0.594
0.673
0.650
0.688
0.665
0.567
0.644
0.685
0.653
0.644
0.681
0.651
0.650
0.652
0.684
0.568
0.643
0.688
0.557
0.660
0.702
0.622
0.635
0.724
0.588
0.641
0.679
0.645
0.724
0.694
0.702
0.657
0.636
0.661
0.684
0.671
0.614
0.707
0.714
0.625
0.580
0.563
0.643
0.642
0.673
0.690
0.631
0.623
0.615
0.575
0.659
0.657
0.679
0.631
0.609
0.595
0.659
0.634
0.685
0.681
0.662
0.665
0.641
0.655
0.640
0.633
0.654
0.575
0.665
0.649
0.645
0.638
0.638
0.601
0.571
0.670
0.650
0.643
0.684
0.650
0.714
0.598
0.636
0.627
0.594
0.656
0.657
0.642
0.598
0.648
0.619
0.525
0.654
0.612
0.565
0.665
0.665
0.650
0.686
0.680
0.623
0.578
0.687
0.683
0.674
0.684
0.645
0.632
0.630
0.626
0.616
0.568
0.664
0.644
0.679
0.639
0.679
0.630
0.575
0.658
0.671
0.656
0.681
0.662
0.624
0.682
0.660
0.608
0.601
0.616
0.594
0.662
0.671
0.675
0.616
0.622
0.603
0.591
0.652
0.655
0.670
0.639
0.658
0.647
0.637
0.610
0.634
0.572
0.634
0.670
0.639
0.571
0.661
0.628
0.592
0.651
0.661
0.589
0.655
0.675
0.707
0.700
0.663
0.636
0.616
0.650
0.682
0.651
0.656
0.663
0.625
0.625
0.571
0.624
0.574
0.640
0.663
0.669
0.676
0.660
0.644
0.573
0.689
0.648
0.679
0.679
0.626
0.615
0.584
0.659
0.625
0.621
0.610
0.575
0.649
0.692
0.674
0.658
0.619
0.555
0.644
0.653
0.655
0.665
0.663
0.637
0.642
0.623
0.610
0.622
0.549
0.633
0.686
0.656
0.618
0.613
0.583
0.569
0.681
0.648
0.658
0.636
0.636
0.646
0.653
0.640
0.636
0.641
0.557
0.692
0.686
0.650
0.617
0.607
0.623
0.601
0.663
0.602
0.667
0.687
0.675
0.654
0.686
0.640
0.628
0.673
0.651
0.653
0.649
0.646
0.623
0.646
0.597
0.602
0.627
0.598
0.647
0.678
0.699
0.678
0.648
0.623
0.581
0.664
0.671
0.663
0.710
0.664
0.627
0.669
0.647
0.640
0.573
0.554
0.653
0.654
0.650
0.635
0.610
0.588
0.645
0.654
0.652
0.642
0.657
0.664
0.656
0.657
0.593
0.609
0.612
0.597
0.681
0.686
0.656
0.611
0.625
0.609
0.646
0.667
0.663
0.601
0.616
0.627
0.668
0.666
0.652
0.651
0.578
0.654
0.569
0.605
0.617
0.685
0.683
0.638
0.698
0.613
0.649
0.646
0.655
0.650
0.570
0.672
0.609
0.615
0.623
0.645
0.641
0.637
0.660
0.602
0.624
0.657
0.677
0.627
0.662
0.576
0.620
0.626
0.657
0.637
0.651
0.655
0.647
0.620
0.577
0.626
0.618
0.646
0.666
0.563
0.654
0.623
0.666
0.685
0.672
0.667
0.649
0.652
0.560
0.626
0.629
0.674
0.671
0.658
0.561
0.624
0.620
0.630
0.693
0.649
0.651
0.677
0.673
0.609
0.639
0.646
0.640
0.661
0.642
0.660
0.635
0.652
0.655
0.673
0.667
0.602
0.618
0.581
0.653
0.635
0.654
0.650
0.642
0.606
0.568
0.609
0.662
0.684
0.679
0.633
0.576
0.647
0.632
0.621
0.586
0.673
0.655
0.645
0.653
0.563
0.605
0.662
0.653
0.612
0.536
0.639
0.621
0.654
0.673
0.659
0.659
0.646
0.651
0.640
0.609
0.571
0.654
0.645
0.649
0.546
0.628
0.612
0.656
0.659
0.645
0.651
0.628
0.657
0.565
0.649
0.636
0.635
0.673
0.571
0.628
0.629
0.643
0.637
0.652
0.649
0.559
0.644
0.555
0.638
0.576
0.608
0.662
0.653
0.668
0.621
0.615
0.678
0.676
0.642
0.652
0.604
0.618
0.574
0.609
0.639
0.673
0.652
0.656
0.656
0.583
0.645
0.656
0.673
0.662
0.560
0.619
0.626
0.637
0.634
0.643
0.652
0.664
0.672
0.559
0.620
0.613
0.644
0.645
0.659
0.585
0.604
0.634
0.681
0.680
0.669
0.646
0.651
0.679
0.566
0.621
0.633
0.667
0.669
0.591
0.654
0.616
0.681
0.663
0.601
0.649
0.653
0.655
0.580
0.613
0.648
0.647
0.648
0.661
0.566
0.657
0.559
0.680
0.622
0.651
0.652
0.567
0.629
0.596
0.601
0.666
0.659
0.677
0.653
0.660
0.620
0.669
0.599
0.610
0.675
0.566
0.629
0.624
0.645
0.615
0.624
0.692
0.695
0.652
0.574
0.628
0.616
0.588
0.634
0.653
0.690
0.632
0.563
0.641
0.595
0.665
0.616
0.599
0.666
0.648
0.659
0.664
0.667
0.616
0.641
0.685
0.569
0.648
0.642
0.652
0.644
0.621
0.669
0.657
0.691
0.696
0.637
0.568
0.642
0.652
0.653
0.661
0.652
0.584
0.683
0.610
0.680
0.609
0.647
0.681
0.610
0.657
0.606
0.597
0.663
0.670
0.627
0.590
0.675
0.641
0.645
0.665
0.606
0.616
0.594
0.609
0.657
0.616
0.615
0.649
0.556
0.637
0.627
0.605
0.639
0.646
0.668
0.619
0.658
0.673
0.603
0.573
0.658
0.642
0.650
0.684
0.620
0.646
0.638
0.668
0.658
0.643
0.633
0.563
0.615
0.561
0.662
0.620
0.644
0.654
0.572
0.668
0.653
0.597
0.652
0.690
0.545
0.648
0.623
0.598
0.620
0.609
0.664
0.666
0.680
0.670
0.631
0.560
0.651
0.687
0.717
0.810
0.898
0.612
0.642
0.642
0.653
0.681
0.653
0.637
0.659
0.557
0.649
0.640
0.635
0.641
0.650
0.593
0.674
0.607
0.652
0.663
0.653
0.672
0.568
0.680
0.660
0.630
0.664
0.630
0.613
0.557
0.639
0.653
0.647
0.659
0.556
0.707
0.595
0.666
0.665
0.613
0.655
0.692
0.658
0.646
0.662
0.625
0.658
0.604
0.672
0.653
0.684
0.577
0.610
0.562
0.685
0.616
0.704
0.672
0.608
0.673
0.714
0.697
0.659
0.711
0.667
0.608
0.714
0.677
0.691
0.658
0.697
0.694
0.575
0.716
0.709
0.661
0.678
0.684
0.617
0.673
0.657
0.651
0.708
0.661
0.648
0.669
0.661
0.658
0.631
0.604
0.665
0.621
0.534
0.662
0.667
0.613
0.659
0.653
0.693
0.660
0.671
0.695
0.643
0.554
0.647
0.632
0.659
0.687
0.619
0.564
0.646
0.627
0.658
0.669
0.612
0.670
0.567
