0.595
0.649
0.583
0.626
0.634
0.704
0.647
0.638
0.660
0.576
0.627
0.608
0.571
0.631
0.612
0.608
0.563
0.638
0.614
0.663
0.658
0.655
0.650
0.545
0.643
0.625
0.592
0.659
0.600
0.635
0.645
0.661
0.586
0.644
0.619
0.618
0.668
0.598
0.573
0.614
0.609
0.663
0.641
0.624
0.630
0.552
0.621
0.638
0.617
0.584
0.627
0.618
0.552
0.629
0.617
0.670
0.632
0.641
0.675
0.577
0.624
0.589
0.611
0.661
0.645
0.573
0.628
0.599
0.557
0.652
0.617
0.660
0.645
0.655
0.651
0.568
0.634
0.618
0.620
0.572
0.647
0.590
0.610
0.668
0.597
0.635
0.668
0.624
0.645
0.631
0.562
0.613
0.634
0.663
0.641
0.598
0.601
0.661
0.642
0.643
0.637
0.574
0.650
0.602
0.563
0.661
0.620
0.644
0.641
0.655
0.642
0.642
0.644
0.664
0.649
0.551
0.651
0.613
0.604
0.649
0.628
0.665
0.648
0.632
0.646
0.619
0.548
0.638
0.550
0.673
0.607
0.673
0.661
0.673
0.647
0.592
0.649
0.639
0.622
0.706
0.648
0.628
0.676
0.647
0.604
0.657
0.657
0.649
0.641
0.599
0.564
0.629
0.613
0.671
0.648
0.647
0.658
0.551
0.652
0.653
0.661
0.550
0.649
0.611
0.560
0.685
0.605
0.668
0.645
0.644
0.674
0.578
0.635
0.596
0.636
0.556
0.682
0.623
0.621
0.656
0.604
0.646
0.656
0.632
0.634
0.649
0.525
0.615
0.631
0.655
0.675
0.565
0.649
0.608
0.606
0.667
0.598
0.635
0.671
0.638
0.642
0.624
0.571
0.611
0.614
0.652
0.645
0.587
0.609
0.692
0.667
0.651
0.638
0.583
0.646
0.611
0.554
0.649
0.624
0.643
0.645
0.642
0.647
0.647
0.668
0.654
0.669
0.556
0.658
0.610
0.618
0.649
0.616
0.666
0.635
0.650
0.641
0.642
0.561
0.653
0.663
0.599
0.541
0.633
0.612
0.695
0.647
0.634
0.631
0.572
0.649
0.636
0.577
0.657
0.617
0.667
0.627
0.558
0.607
0.602
0.638
0.643
0.660
0.706
0.647
0.661
0.575
0.551
0.614
0.644
0.632
0.562
0.612
0.604
0.639
0.634
0.662
0.640
0.662
0.653
0.560
0.604
0.612
0.594
0.662
0.676
0.646
0.599
0.660
0.650
0.646
0.633
0.675
0.561
0.628
0.589
0.612
0.658
0.666
0.656
0.642
0.653
0.554
0.656
0.629
0.663
0.585
0.554
0.624
0.626
0.667
0.662
0.630
0.647
0.659
0.631
0.555
0.596
0.605
0.663
0.652
0.633
0.550
0.549
0.615
0.587
0.640
0.652
0.635
0.660
0.659
0.670
0.521
0.638
0.601
0.635
0.582
0.614
0.588
0.608
0.642
0.658
0.683
0.656
0.651
0.551
0.609
0.606
0.611
0.648
0.645
0.595
0.626
0.671
0.659
0.626
0.667
0.655
0.557
0.554
0.616
0.616
0.632
0.635
0.645
0.649
0.645
0.641
0.632
0.641
0.667
0.649
0.555
0.602
0.611
0.611
0.636
0.671
0.633
0.648
0.666
0.571
0.638
0.556
0.629
0.610
0.627
0.655
0.658
0.646
0.658
0.658
0.613
0.604
0.604
0.601
0.656
0.645
0.638
0.593
0.650
0.644
0.632
0.635
0.669
0.574
0.613
0.614
0.605
0.666
0.637
0.640
0.663
0.637
0.580
0.657
0.633
0.658
0.547
0.567
0.617
0.613
0.666
0.636
0.667
0.655
0.637
0.650
0.570
0.614
0.603
0.674
0.551
0.629
0.644
0.615
0.638
0.683
0.641
0.657
0.637
0.592
0.604
0.615
0.601
0.653
0.670
0.651
0.590
0.625
0.603
0.598
0.644
0.668
0.644
0.663
0.651
0.548
0.600
0.618
0.594
0.670
0.640
0.617
0.617
0.648
0.631
0.658
0.656
0.663
0.566
0.581
0.599
0.623
0.645
0.636
0.639
0.646
0.672
0.641
0.627
0.653
0.645
0.638
0.565
0.636
0.614
0.608
0.645
0.657
0.645
0.671
0.658
0.567
0.596
0.627
0.637
0.597
0.608
0.635
0.606
0.640
0.644
0.653
0.640
0.657
0.604
0.550
0.614
0.598
0.654
0.632
0.583
0.664
0.643
0.648
0.652
0.611
0.616
0.561
0.663
0.641
0.647
0.666
0.608
0.601
0.564
0.644
0.627
0.629
0.562
0.665
0.646
0.639
0.649
0.609
0.630
0.563
0.636
0.671
0.643
0.627
0.632
0.668
0.641
0.634
0.607
0.608
0.585
0.652
0.641
0.657
0.694
0.597
0.614
0.558
0.665
0.681
0.653
0.589
0.625
0.635
0.656
0.621
0.606
0.610
0.580
0.649
0.639
0.651
0.643
0.600
0.616
0.549
0.670
0.559
0.637
0.677
0.634
0.659
0.610
0.634
0.560
0.652
0.655
0.653
0.637
0.613
0.598
0.548
0.634
0.616
0.589
0.568
0.647
0.648
0.650
0.657
0.615
0.612
0.569
0.641
0.649
0.630
0.681
0.601
0.611
0.661
0.642
0.608
0.605
0.561
0.624
0.634
0.657
0.667
0.620
0.647
0.547
0.652
0.644
0.648
0.640
0.637
0.646
0.650
0.651
0.623
0.605
0.583
0.657
0.649
0.638
0.645
0.600
0.599
0.557
0.649
0.651
0.633
0.601
0.615
0.550
0.638
0.635
0.658
0.640
0.626
0.625
0.550
0.668
0.640
0.669
0.654
0.652
0.671
0.654
0.641
0.613
0.631
0.580
0.644
0.678
0.640
0.630
0.604
0.642
0.562
0.644
0.637
0.645
0.568
0.648
0.658
0.645
0.638
0.620
0.607
0.560
0.647
0.675
0.668
0.649
0.588
0.625
0.552
0.643
0.617
0.597
0.586
0.631
0.639
0.654
0.648
0.602
0.587
0.593
0.640
0.650
0.639
0.654
0.609
0.612
0.621
0.601
0.571
0.664
0.636
0.655
0.639
0.609
0.615
0.578
0.644
0.636
0.670
0.645
0.616
0.617
0.650
0.638
0.607
0.618
0.557
0.643
0.682
0.632
0.650
0.619
0.593
0.561
0.659
0.664
0.648
0.653
0.644
0.630
0.658
0.647
0.609
0.607
0.576
0.642
0.643
0.648
0.647
0.609
0.617
0.566
0.663
0.660
0.632
0.552
0.679
0.650
0.660
0.628
0.604
0.606
0.544
0.656
0.646
0.653
0.648
0.604
0.651
0.566
0.551
0.610
0.652
0.652
0.672
0.641
0.615
0.611
0.645
0.587
0.648
0.673
0.613
0.622
0.575
0.594
0.613
0.629
0.565
0.572
0.663
0.634
0.629
0.664
0.620
0.606
0.670
0.559
0.668
0.653
0.602
0.632
0.654
0.676
0.626
0.639
0.558
0.622
0.650
0.644
0.689
0.665
0.606
0.614
0.657
0.561
0.688
0.660
0.593
0.562
0.650
0.656
0.607
0.621
0.597
0.604
0.656
0.663
0.639
0.655
0.613
0.617
0.652
0.587
0.665
0.564
0.627
0.640
0.603
0.653
0.573
0.609
0.644
0.623
0.629
0.655
0.618
0.643
0.661
0.558
0.646
0.609
0.634
0.591
0.665
0.646
0.604
0.652
0.556
0.596
0.643
0.635
0.655
0.672
0.642
0.645
0.641
0.650
0.620
0.622
0.662
0.578
0.655
0.634
0.637
0.652
0.543
0.605
0.626
0.627
0.637
0.644
0.658
0.667
0.629
0.681
0.608
0.599
0.669
0.586
0.685
0.644
0.612
0.682
0.564
0.628
0.639
0.626
0.611
0.647
0.590
0.614
0.668
0.687
0.633
0.637
0.607
0.619
0.662
0.547
0.697
0.673
0.600
0.675
0.677
0.645
0.608
0.648
0.583
0.607
0.642
0.645
0.642
0.634
0.610
0.605
0.649
0.571
0.663
0.654
0.649
0.520
0.648
0.631
0.615
0.656
0.567
0.647
0.662
0.639
0.651
0.656
0.603
0.639
0.645
0.586
0.618
0.604
0.639
0.555
0.682
0.640
0.604
0.662
0.560
0.619
0.674
0.644
0.628
0.642
0.625
0.577
0.596
0.630
0.646
0.586
0.646
0.653
0.587
0.646
0.583
0.576
0.655
0.640
0.639
0.656
0.598
0.610
0.635
0.650
0.613
0.606
0.644
0.553
0.640
0.634
0.635
0.649
0.554
0.616
0.671
0.650
0.669
0.647
0.646
0.640
0.656
0.637
0.610
0.624
0.642
0.564
0.681
