0.367
0.367
0.372
0.352
0.361
0.324
0.360
0.354
0.322
0.359
0.346
0.359
0.381
0.356
0.365
0.330
0.350
0.356
0.322
0.366
0.336
0.359
0.355
0.352
0.385
0.327
0.356
0.343
0.328
0.358
0.352
0.361
0.396
0.333
0.370
0.404
0.551
0.584
0.582
0.353
0.384
0.335
0.356
0.335
0.332
0.382
0.323
0.363
0.358
0.356
0.371
0.349
0.363
0.359
0.335
0.358
0.324
0.362
0.350
0.358
0.349
0.334
0.336
0.353
0.361
0.356
0.390
0.370
0.369
0.328
0.329
0.367
0.340
0.366
0.351
0.350
0.366
0.323
0.356
0.340
0.355
0.373
0.321
0.381
0.356
0.357
0.383
0.340
0.362
0.330
0.343
0.381
0.319
0.357
0.367
0.331
0.367
0.358
0.338
0.366
0.325
0.368
0.363
0.350
0.354
0.353
0.333
0.370
0.321
0.369
0.361
0.354
0.371
0.348
0.367
0.320
0.359
0.360
0.337
0.374
0.389
0.351
0.391
0.327
0.375
0.346
0.342
0.347
0.367
0.320
0.330
0.366
0.318
0.360
0.392
0.370
0.390
0.347
0.328
0.328
0.324
0.368
0.364
0.402
0.395
0.325
0.367
0.330
0.337
0.365
0.332
0.348
0.383
0.369
0.377
0.327
0.373
0.361
0.347
0.369
0.362
0.382
0.361
0.332
0.354
0.361
0.330
0.361
0.362
0.404
0.391
0.403
0.385
0.335
0.331
0.333
0.355
0.383
0.383
0.354
0.397
0.333
0.353
0.321
0.319
0.368
0.354
0.366
0.361
0.392
0.367
0.356
0.356
0.358
0.324
0.348
0.368
0.389
0.359
0.318
0.376
0.333
0.334
0.365
0.337
0.393
0.362
0.364
0.367
0.333
0.366
0.390
0.362
0.374
0.366
0.356
0.358
0.334
0.376
0.349
0.328
0.393
0.328
0.358
0.381
0.330
0.361
0.327
0.361
0.360
0.331
0.361
0.384
0.380
0.352
0.331
0.365
0.332
0.334
0.359
0.333
0.356
0.401
0.360
0.369
0.336
0.337
0.332
0.320
0.368
0.364
0.361
0.372
0.332
0.357
0.329
0.329
0.366
0.408
0.374
0.348
0.370
0.329
0.333
0.352
0.351
0.361
0.363
0.389
0.373
0.384
0.356
0.335
0.335
0.323
0.331
0.360
0.353
0.383
0.352
0.357
0.332
0.354
0.333
0.330
0.366
0.394
0.366
0.360
0.363
0.328
0.364
0.364
0.387
0.384
0.369
0.350
0.388
0.326
0.336
0.331
0.359
0.368
0.368
0.356
0.354
0.386
0.350
0.332
0.350
0.328
0.355
0.371
0.349
0.367
0.385
0.358
0.331
0.332
0.327
0.368
0.356
0.348
0.365
0.394
0.343
0.328
0.327
0.332
0.380
0.368
0.379
0.362
0.402
0.329
0.357
0.326
0.331
0.380
0.388
0.358
0.375
0.369
0.363
0.321
0.351
0.328
0.326
0.380
0.400
0.381
0.389
0.324
0.333
0.358
0.351
0.369
0.377
0.356
0.362
0.367
0.332
0.327
0.359
0.326
0.352
0.356
0.372
0.368
0.371
0.349
0.337
0.330
0.349
0.357
0.384
0.404
0.395
0.359
0.365
0.322
0.335
0.354
0.371
0.342
0.347
0.332
0.336
0.364
0.361
0.358
0.367
0.393
0.324
0.372
0.351
0.369
0.357
0.391
0.382
0.360
0.360
0.317
0.326
0.325
0.356
0.360
0.360
0.354
0.368
0.357
0.356
0.325
0.351
0.354
0.357
0.382
0.387
0.393
0.367
0.336
0.355
0.325
0.326
0.359
0.372
0.364
0.360
0.392
0.363
0.316
0.334
0.336
0.369
0.356
0.348
0.361
0.368
0.355
0.356
0.348
0.319
0.360
0.351
0.364
0.363
0.362
0.329
0.353
0.362
0.397
0.368
0.374
0.361
0.366
0.353
0.336
0.333
0.340
0.326
0.359
0.366
0.359
0.373
0.359
0.338
0.327
0.356
0.341
0.355
0.360
0.346
0.352
0.365
0.360
0.321
0.361
0.332
0.357
0.353
0.373
0.370
0.339
0.330
0.326
0.354
0.350
0.358
0.387
0.364
0.364
0.362
0.335
0.369
0.354
0.336
0.357
0.392
0.375
0.361
0.356
0.321
0.351
0.324
0.349
0.351
0.366
0.359
0.361
0.364
0.327
0.369
0.350
0.323
0.323
0.323
0.367
0.362
0.372
0.368
0.333
0.323
0.347
0.404
0.357
0.366
0.360
0.356
0.336
0.364
0.367
0.360
0.370
0.356
0.333
0.329
0.359
0.365
0.386
0.360
0.375
0.324
0.335
0.341
0.341
0.351
0.368
0.379
0.358
0.333
0.359
0.347
0.362
0.363
0.388
0.376
0.328
0.365
0.328
0.363
0.377
0.365
0.377
0.326
0.330
0.318
0.395
0.389
0.359
0.359
0.327
0.337
0.347
0.359
0.365
0.387
0.390
0.362
0.334
0.363
0.353
0.370
0.362
0.375
0.369
0.324
0.334
0.330
0.353
0.378
0.391
0.354
0.323
0.328
0.354
0.363
0.359
0.381
0.372
0.351
0.330
0.319
0.371
0.371
0.400
0.366
0.323
0.338
0.332
0.340
0.362
0.367
0.414
0.366
0.361
0.350
0.334
0.355
0.389
0.396
0.358
0.368
0.327
0.338
0.360
0.365
0.358
0.367
0.321
0.326
0.344
0.360
0.384
0.362
0.362
0.344
0.339
0.329
0.370
0.335
0.317
0.343
0.377
0.367
0.405
0.357
0.323
0.348
0.356
0.359
0.358
0.356
0.386
0.338
0.354
0.324
0.386
0.358
0.405
0.380
0.335
0.355
0.326
0.394
0.366
0.357
0.361
0.367
0.334
0.338
0.353
0.360
0.369
0.356
0.363
0.361
0.322
0.324
0.370
0.369
0.387
0.370
0.365
0.341
0.331
0.362
0.364
0.455
0.382
0.354
0.348
0.362
0.376
0.362
0.376
0.362
0.356
0.340
0.344
0.380
0.357
0.363
0.370
0.359
0.328
0.328
0.329
0.383
0.369
0.371
0.359
0.333
0.317
0.363
0.356
0.395
0.415
0.356
0.335
0.325
0.330
0.380
0.363
0.353
0.366
0.330
0.333
0.358
0.363
0.368
0.358
0.388
0.360
0.346
0.337
0.354
0.372
0.348
0.398
0.356
0.343
0.358
0.344
0.394
0.363
0.370
0.364
0.359
0.332
0.337
0.358
0.358
0.379
0.383
0.336
0.331
0.329
0.382
0.385
0.362
0.398
0.371
0.330
0.346
0.352
0.374
0.396
0.354
0.384
0.347
0.333
0.364
0.327
0.359
0.357
0.339
0.362
0.326
0.378
0.369
0.365
0.365
0.357
0.345
0.364
0.393
0.346
0.381
0.369
0.358
0.375
0.356
0.324
0.364
0.383
0.356
0.383
0.331
0.355
0.325
0.329
0.393
0.360
0.365
0.361
0.361
0.355
0.387
0.354
0.359
0.365
0.332
0.360
0.354
0.343
0.363
0.363
0.351
0.351
0.346
0.321
0.383
0.363
0.363
0.384
0.337
0.360
0.323
0.337
0.358
0.353
0.376
0.382
0.354
0.372
0.338
0.332
0.363
0.352
0.351
0.386
0.363
0.340
0.362
0.337
0.382
0.402
0.335
0.366
0.332
0.329
0.368
0.359
0.366
0.389
0.339
0.331
0.385
0.329
0.369
0.369
0.328
0.396
0.355
0.333
0.364
0.330
0.396
0.363
0.320
0.377
0.321
0.348
0.369
0.364
0.378
0.363
0.333
0.328
0.369
0.332
0.390
0.369
0.351
0.368
0.331
0.337
0.368
0.367
0.388
0.378
0.341
0.365
0.384
0.335
0.328
0.346
0.368
0.355
0.371
0.362
0.331
0.357
0.321
0.356
0.393
0.387
0.355
0.365
0.331
0.358
0.363
0.352
0.421
0.365
0.332
0.360
0.339
0.336
0.365
0.370
0.354
0.388
0.334
0.327
0.372
0.342
0.392
0.368
0.358
0.355
0.342
0.374
0.383
0.329
0.379
0.359
0.338
0.362
0.397
0.329
0.367
0.360
0.362
0.376
0.322
0.362
0.364
0.349
0.362
0.361
0.350
0.365
0.334
0.326
0.363
0.370
0.350
0.360
0.328
0.356
0.328
0.328
0.386
0.361
0.374
0.421
0.337
0.332
0.360
0.325
0.387
0.395
0.365
0.369
0.357
0.356
0.363
0.376
0.364
0.398
0.332
0.358
0.365
0.327
0.358
0.388
0.336
0.364
0.336
0.320
0.388
0.324
0.384
0.391
0.340
0.372
0.329
0.335
0.372
