0.374
0.415
0.455
0.440
0.406
0.388
0.399
0.436
0.412
0.409
0.461
0.395
0.422
0.387
0.371
0.408
0.407
0.403
0.385
0.399
0.411
0.410
0.419
0.393
0.415
0.459
0.449
0.432
0.418
0.409
0.448
0.418
0.425
0.387
0.387
0.402
0.375
0.419
0.410
0.379
0.430
0.441
0.412
0.408
0.421
0.438
0.448
0.474
0.430
0.396
0.413
0.389
0.420
0.435
0.393
0.455
0.435
0.385
0.409
0.384
0.390
0.407
0.424
0.405
0.391
0.412
0.455
0.439
0.423
0.386
0.417
0.403
0.425
0.454
0.429
0.414
0.424
0.389
0.402
0.420
0.432
0.372
0.424
0.429
0.407
0.452
0.413
0.397
0.395
0.425
0.427
0.442
0.416
0.493
0.425
0.461
0.442
0.380
0.394
0.411
0.421
0.424
0.419
0.396
0.441
0.424
0.393
0.440
0.422
0.421
0.420
0.446
0.418
0.432
0.424
0.417
0.416
0.383
0.380
0.408
0.424
0.391
0.453
0.372
0.395
0.408
0.427
0.396
0.393
0.441
0.394
0.425
0.415
0.401
0.444
0.431
0.428
0.445
0.421
0.433
0.431
0.397
0.421
0.417
0.405
0.389
0.384
0.391
0.376
0.411
0.456
0.435
0.437
0.427
0.414
0.430
0.421
0.452
0.446
0.419
0.416
0.383
0.418
0.372
0.398
0.410
0.386
0.434
0.413
0.369
0.388
0.405
0.377
0.430
0.413
0.427
0.387
0.420
0.417
0.415
0.419
0.375
0.378
0.410
0.412
0.412
0.447
0.381
0.408
0.374
0.397
0.394
0.420
0.406
0.382
0.401
0.376
0.417
0.412
0.384
0.393
0.404
0.385
0.422
0.427
0.409
0.424
0.420
0.407
0.376
0.433
0.375
0.375
0.407
0.379
0.407
0.420
0.384
0.385
0.388
0.408
0.413
0.409
0.428
0.403
0.412
0.418
0.375
0.411
0.372
0.393
0.422
0.410
0.405
0.443
0.407
0.399
0.429
0.388
0.396
0.371
0.416
0.433
0.445
0.407
0.397
0.430
0.412
0.395
0.408
0.416
0.418
0.450
0.372
0.380
0.373
0.419
0.408
0.417
0.413
0.417
0.389
0.395
0.416
0.413
0.413
0.410
0.407
0.375
0.388
0.395
0.392
0.383
0.389
0.423
0.455
0.411
0.433
0.414
0.388
0.402
0.409
0.406
0.439
0.458
0.411
0.385
0.412
0.394
0.360
0.380
0.377
0.404
0.420
0.400
0.420
0.412
0.370
0.432
0.412
0.407
0.410
0.445
0.427
0.428
0.415
0.363
0.404
0.394
0.382
0.398
0.440
0.423
0.412
0.387
0.375
0.382
0.441
0.410
0.387
0.387
0.433
0.430
0.431
0.438
0.431
0.392
0.384
0.413
0.420
0.429
0.425
0.418
0.395
0.373
0.417
0.376
0.387
0.366
0.384
0.406
0.419
0.432
0.413
0.379
0.384
0.429
0.412
0.412
0.420
0.419
0.417
0.447
0.411
0.404
0.384
0.388
0.417
0.441
0.421
0.385
0.398
0.379
0.377
0.438
0.399
0.442
0.427
0.403
0.424
0.421
0.437
0.380
0.412
0.426
0.423
0.407
0.411
0.382
0.386
0.399
0.378
0.409
0.386
0.405
0.372
0.410
0.425
0.401
0.410
0.439
0.407
0.390
0.412
0.415
0.421
0.425
0.425
0.378
0.388
0.421
0.417
0.403
0.385
0.391
0.417
0.409
0.433
0.376
0.367
0.408
0.363
0.422
0.417
0.432
0.416
0.419
0.417
0.409
0.392
0.391
0.381
0.417
0.413
0.439
0.393
0.380
0.408
0.398
0.418
0.408
0.381
0.429
0.431
0.445
0.438
0.438
0.388
0.396
0.439
0.413
0.434
0.431
0.408
0.372
0.408
0.385
0.450
0.374
0.380
0.381
0.408
0.426
0.412
0.436
0.390
0.382
0.367
0.411
0.404
0.438
0.417
0.429
0.436
0.448
0.424
0.384
0.397
0.378
0.370
0.442
0.419
0.416
0.390
0.390
0.397
0.386
0.422
0.423
0.415
0.411
0.417
0.412
0.407
0.382
0.372
0.401
0.439
0.420
0.402
0.373
0.406
0.381
0.394
0.403
0.381
0.385
0.417
0.416
0.410
0.417
0.427
0.377
0.375
0.408
0.406
0.452
0.419
0.437
0.403
0.375
0.426
0.420
0.413
0.385
0.382
0.394
0.408
0.447
0.435
0.443
0.411
0.414
0.385
0.376
0.380
0.401
0.440
0.370
0.379
0.378
0.435
0.429
0.422
0.427
0.432
0.426
0.383
0.385
0.392
0.434
0.409
0.421
0.407
0.400
0.420
0.421
0.422
0.424
0.414
0.383
0.436
0.402
0.378
0.378
0.429
0.421
0.436
0.415
0.399
0.424
0.407
0.422
0.410
0.382
0.388
0.387
0.374
0.389
0.399
0.459
0.442
0.411
0.398
0.390
0.398
0.422
0.376
0.373
0.383
0.429
0.421
0.411
0.415
0.413
0.407
0.381
0.379
0.386
0.433
0.451
0.369
0.397
0.397
0.443
0.405
0.443
0.437
0.381
0.416
0.525
0.552
0.376
0.416
0.415
0.402
0.415
0.378
0.402
0.434
0.449
0.417
0.434
0.377
0.379
0.407
0.383
0.372
0.421
0.415
0.412
0.424
0.388
0.418
0.437
0.405
0.414
0.400
0.400
0.398
0.426
0.406
0.431
0.413
0.425
0.415
0.382
0.377
0.397
0.393
0.376
0.402
0.387
0.428
0.418
0.439
0.394
0.409
0.421
0.392
0.393
0.394
0.440
0.432
0.410
0.386
0.374
0.411
0.414
0.409
0.424
0.379
0.378
0.377
0.381
0.402
0.450
0.406
0.409
0.416
0.377
0.395
0.445
0.412
0.397
0.410
0.396
0.398
0.403
0.400
0.415
0.413
0.416
0.417
0.422
0.401
0.381
0.404
0.402
0.418
0.380
0.397
0.381
0.442
0.439
0.444
0.428
0.428
0.435
0.372
0.381
0.413
0.405
0.401
0.365
0.398
0.421
0.438
0.408
0.409
0.365
0.425
0.401
0.415
0.396
0.428
0.436
0.427
0.414
0.409
0.411
0.406
0.427
0.420
0.400
0.371
0.383
0.385
0.403
0.416
0.435
0.407
0.423
0.394
0.389
0.409
0.431
0.412
0.423
0.389
0.376
0.388
0.416
0.410
0.412
0.417
0.416
0.413
0.413
0.386
0.398
0.439
0.400
0.406
0.375
0.423
0.403
0.404
0.442
0.431
0.396
0.436
0.373
0.408
0.405
0.404
0.477
0.408
0.452
0.381
0.443
0.400
0.402
0.412
0.428
0.413
0.413
0.406
0.401
0.379
0.380
0.419
0.383
0.419
0.408
0.389
0.381
0.412
0.406
0.422
0.400
0.410
0.412
0.386
0.397
0.410
0.375
0.397
0.424
0.380
0.407
0.415
0.371
0.405
0.413
0.387
0.411
0.410
0.401
0.380
0.389
0.398
0.417
0.412
0.428
0.414
0.417
0.409
0.419
0.371
0.431
0.383
0.378
0.383
0.369
0.412
0.447
0.440
0.406
0.377
0.403
0.435
0.407
0.387
0.403
0.412
0.398
0.417
0.456
0.437
0.408
0.394
0.404
0.371
0.366
0.408
0.411
0.383
0.385
0.408
0.383
0.415
0.450
0.389
0.438
0.377
0.396
0.399
0.377
0.415
0.414
0.417
0.430
0.378
0.383
0.411
0.440
0.399
0.438
0.379
0.373
0.364
0.388
0.412
0.392
0.440
0.439
0.387
0.401
0.400
0.407
0.432
0.417
0.370
0.403
0.410
0.406
0.425
0.382
0.409
0.441
0.385
0.407
0.367
0.395
0.379
0.412
0.404
0.374
0.428
0.398
0.401
0.445
0.412
0.399
0.367
0.402
0.403
0.378
0.405
0.429
0.414
0.375
0.438
0.407
0.412
0.438
0.369
0.393
0.369
0.369
0.411
0.371
0.406
0.413
0.375
0.413
0.417
0.406
0.408
0.432
0.390
0.399
0.405
0.381
0.366
0.392
0.414
0.431
0.422
0.409
0.374
0.373
0.417
0.416
0.382
0.436
0.370
0.385
0.410
0.411
0.418
0.439
0.403
0.440
0.380
0.405
0.436
0.397
0.396
0.406
0.434
0.379
0.412
0.402
0.410
0.440
0.374
0.429
0.373
0.371
0.415
0.416
0.438
0.425
0.404
0.392
0.400
0.416
0.373
0.416
0.395
0.372
0.370
0.376
0.398
0.408
0.417
0.399
0.374
0.412
0.411
0.412
0.417
0.407
0.385
0.373
0.406
0.380
0.406
