0.375
0.376
0.363
0.368
0.356
0.376
0.363
0.373
0.376
0.343
0.355
0.344
0.393
0.361
0.399
0.369
0.365
0.329
0.336
0.396
0.407
0.378
0.370
0.361
0.335
0.337
0.374
0.376
0.399
0.374
0.339
0.328
0.337
0.392
0.372
0.385
0.360
0.375
0.343
0.339
0.343
0.385
0.396
0.407
0.376
0.372
0.338
0.364
0.390
0.364
0.380
0.396
0.326
0.343
0.388
0.369
0.417
0.400
0.350
0.348
0.329
0.405
0.368
0.371
0.402
0.342
0.344
0.362
0.401
0.366
0.366
0.386
0.360
0.347
0.330
0.387
0.372
0.399
0.377
0.337
0.338
0.330
0.379
0.372
0.410
0.354
0.354
0.334
0.326
0.421
0.370
0.369
0.359
0.363
0.370
0.342
0.367
0.372
0.382
0.382
0.355
0.338
0.355
0.374
0.379
0.370
0.365
0.382
0.328
0.380
0.328
0.407
0.363
0.375
0.374
0.336
0.344
0.348
0.364
0.382
0.360
0.368
0.339
0.349
0.330
0.362
0.356
0.413
0.361
0.327
0.342
0.363
0.362
0.351
0.353
0.332
0.347
0.327
0.379
0.407
0.384
0.356
0.356
0.337
0.323
0.371
0.360
0.376
0.366
0.328
0.353
0.348
0.388
0.356
0.379
0.390
0.328
0.333
0.329
0.334
0.375
0.354
0.359
0.361
0.352
0.335
0.408
0.359
0.365
0.386
0.367
0.369
0.361
0.336
0.357
0.388
0.406
0.360
0.348
0.334
0.314
0.396
0.401
0.380
0.376
0.350
0.447
0.528
0.625
0.372
0.360
0.354
0.368
0.343
0.381
0.383
0.377
0.388
0.337
0.369
0.329
0.390
0.367
0.403
0.389
0.356
0.347
0.326
0.389
0.372
0.374
0.406
0.348
0.333
0.339
0.373
0.359
0.396
0.401
0.369
0.375
0.339
0.382
0.383
0.358
0.372
0.399
0.391
0.337
0.332
0.386
0.375
0.370
0.403
0.333
0.324
0.366
0.396
0.372
0.367
0.370
0.363
0.326
0.348
0.393
0.366
0.375
0.381
0.349
0.331
0.366
0.389
0.411
0.392
0.370
0.381
0.387
0.370
0.368
0.326
0.347
0.372
0.391
0.359
0.367
0.336
0.363
0.387
0.327
0.399
0.372
0.342
0.415
0.339
0.333
0.375
0.381
0.403
0.369
0.378
0.330
0.371
0.364
0.386
0.369
0.340
0.367
0.355
0.331
0.358
0.404
0.377
0.383
0.343
0.387
0.354
0.364
0.369
0.359
0.358
0.379
0.352
0.348
0.379
0.351
0.401
0.379
0.322
0.365
0.367
0.326
0.365
0.388
0.392
0.371
0.331
0.353
0.363
0.338
0.384
0.381
0.337
0.325
0.369
0.362
0.374
0.378
0.363
0.374
0.343
0.316
0.403
0.359
0.384
0.373
0.333
0.355
0.366
0.336
0.418
0.368
0.348
0.361
0.333
0.350
0.378
0.359
0.351
0.373
0.359
0.361
0.341
0.367
0.415
0.394
0.368
0.378
0.350
0.365
0.364
0.317
0.384
0.386
0.358
0.359
0.355
0.329
0.385
0.389
0.368
0.378
0.337
0.338
0.357
0.342
0.360
0.366
0.348
0.369
0.373
0.336
0.373
0.394
0.326
0.352
0.366
0.332
0.361
0.364
0.373
0.378
0.374
0.346
0.409
0.372
0.379
0.369
0.350
0.372
0.331
0.335
0.388
0.369
0.393
0.391
0.376
0.335
0.401
0.341
0.368
0.358
0.349
0.439
0.353
0.331
0.392
0.366
0.377
0.387
0.359
0.361
0.327
0.366
0.365
0.365
0.356
0.391
0.351
0.389
0.379
0.359
0.384
0.365
0.355
0.400
0.325
0.360
0.363
0.396
0.371
0.362
0.350
0.344
0.370
0.326
0.377
0.381
0.353
0.337
0.387
0.343
0.358
0.404
0.337
0.394
0.343
0.337
0.406
0.377
0.367
0.374
0.364
0.399
0.383
0.335
0.426
0.392
0.347
0.384
0.353
0.354
0.386
0.378
0.404
0.410
0.359
0.317
0.375
0.339
0.355
0.398
0.389
0.371
0.338
0.392
0.347
0.367
0.363
0.371
0.332
0.385
0.331
0.328
0.376
0.353
0.420
0.352
0.347
0.364
0.376
0.349
0.377
0.396
0.347
0.359
0.347
0.338
0.376
0.377
0.370
0.377
0.371
0.345
0.377
0.372
0.354
0.371
0.332
0.362
0.379
0.324
0.378
0.395
0.373
0.372
0.337
0.354
0.336
0.334
0.360
0.326
0.360
0.381
0.357
0.390
0.338
0.359
0.338
0.332
0.357
0.324
0.393
0.373
0.329
0.365
0.339
0.375
0.356
0.364
0.362
0.396
0.375
0.378
0.332
0.373
0.330
0.318
0.408
0.388
0.365
0.388
0.370
0.372
0.344
0.335
0.380
0.371
0.382
0.364
0.374
0.371
0.345
0.384
0.333
0.338
0.322
0.363
0.402
0.399
0.395
0.359
0.321
0.384
0.374
0.347
0.380
0.326
0.402
0.382
0.350
0.400
0.405
0.358
0.350
0.363
0.374
0.340
0.358
0.368
0.375
0.391
0.331
0.341
0.335
0.392
0.378
0.385
0.389
0.373
0.338
0.371
0.330
0.327
0.359
0.352
0.382
0.358
0.335
0.360
0.351
0.334
0.359
0.328
0.375
0.368
0.396
0.377
0.325
0.360
0.349
0.337
0.366
0.321
0.379
0.368
0.384
0.374
0.323
0.332
0.360
0.369
0.392
0.333
0.370
0.382
0.372
0.361
0.373
0.385
0.352
0.366
0.398
0.344
0.378
0.392
0.409
0.378
0.331
0.325
0.351
0.350
0.370
0.383
0.359
0.408
0.325
0.380
0.357
0.392
0.363
0.335
0.368
0.391
0.327
0.375
0.346
0.337
0.397
0.370
0.411
0.393
0.361
0.394
0.341
0.369
0.331
0.385
0.392
0.374
0.383
0.387
0.398
0.359
0.331
0.331
0.342
0.346
0.405
0.376
0.389
0.395
0.330
0.389
0.347
0.387
0.366
0.325
0.369
0.342
0.366
0.389
0.385
0.364
0.327
0.333
0.374
0.346
0.361
0.359
0.380
0.431
0.347
0.358
0.346
0.335
0.358
0.323
0.390
0.405
0.371
0.372
0.326
0.371
0.342
0.326
0.349
0.353
0.381
0.363
0.344
0.377
0.407
0.343
0.378
0.344
0.395
0.397
0.395
0.365
0.333
0.325
0.333
0.339
0.381
0.389
0.376
0.369
0.368
0.378
0.321
0.376
0.384
0.376
0.367
0.364
0.380
0.377
0.333
0.427
0.405
0.373
0.362
0.402
0.329
0.336
0.336
0.353
0.372
0.375
0.374
0.359
0.353
0.385
0.319
0.344
0.365
0.353
0.357
0.356
0.418
0.364
0.364
0.322
0.333
0.327
0.331
0.369
0.420
0.367
0.391
0.361
0.328
0.336
0.340
0.374
0.373
0.386
0.367
0.370
0.332
0.343
0.361
0.352
0.361
0.391
0.357
0.356
0.357
0.340
0.373
0.321
0.334
0.376
0.380
0.376
0.391
0.371
0.358
0.367
0.374
0.360
0.327
0.373
0.354
0.353
0.390
0.355
0.353
0.331
0.370
0.352
0.333
0.353
0.362
0.378
0.370
0.368
0.373
0.335
0.350
0.321
0.334
0.362
0.379
0.380
0.379
0.385
0.350
0.367
0.368
0.334
0.366
0.384
0.358
0.361
0.344
0.346
0.335
0.363
0.381
0.393
0.408
0.376
0.355
0.339
0.330
0.352
0.368
0.369
0.430
0.396
0.371
0.364
0.362
0.353
0.353
0.322
0.378
0.384
0.400
0.364
0.374
0.399
0.378
0.350
0.366
0.349
0.346
0.379
0.388
0.394
0.417
0.374
0.356
0.368
0.319
0.342
0.329
0.369
0.384
0.370
0.368
0.418
0.353
0.326
0.359
0.341
0.367
0.375
0.379
0.366
0.412
0.388
0.368
0.359
0.323
0.374
0.361
0.361
0.379
0.378
0.382
0.320
0.378
0.357
0.378
0.385
0.372
0.364
0.368
0.329
0.342
0.339
0.361
0.393
0.369
0.379
0.357
0.354
0.341
0.340
0.339
0.326
0.376
0.370
0.392
0.378
0.371
0.332
0.373
0.330
0.344
0.365
0.329
0.371
0.383
0.399
0.412
0.375
0.324
0.339
0.358
0.386
0.360
0.349
0.372
0.404
0.373
0.360
0.351
0.344
0.355
0.354
0.388
0.369
0.402
0.405
0.369
0.336
0.356
0.370
0.401
0.366
0.384
0.413
0.359
0.367
0.329
0.337
0.340
